#
# There is insufficient memory for the Java Runtime Environment to continue.
# Native memory allocation (malloc) failed to allocate 1110816 bytes for Chunk::new
# Possible reasons:
#   The system is out of physical RAM or swap space
#   The process is running with CompressedOops enabled, and the Java Heap may be blocking the growth of the native heap
# Possible solutions:
#   Reduce memory load on the system
#   Increase physical memory or swap space
#   Check if swap backing store is full
#   Decrease Java heap size (-Xmx/-Xms)
#   Decrease number of Java threads
#   Decrease Java thread stack sizes (-Xss)
#   Set larger code cache with -XX:ReservedCodeCacheSize=
#   JVM is running with Unscaled Compressed Oops mode in which the Java heap is
#     placed in the first 4GB address space. The Java Heap base address is the
#     maximum limit for the native heap growth. Please use -XX:HeapBaseMinAddress
#     to set the Java Heap base and to place the Java Heap above 4GB virtual address.
# This output file may be truncated or incomplete.
#
#  Out of Memory Error (allocation.cpp:389), pid=66304, tid=0x00000000000116d8
#
# JRE version: Java(TM) SE Runtime Environment (8.0_211-b12) (build 1.8.0_211-b12)
# Java VM: Java HotSpot(TM) 64-Bit Server VM (25.211-b12 mixed mode windows-amd64 compressed oops)
# Failed to write core dump. Minidumps are not enabled by default on client versions of Windows
#

---------------  T H R E A D  ---------------

Current thread (0x0000000016d05800):  JavaThread "C2 CompilerThread1" daemon [_thread_in_native, id=71384, stack(0x00000000176f0000,0x00000000177f0000)]

Stack: [0x00000000176f0000,0x00000000177f0000]
[error occurred during error reporting (printing stack bounds), id 0xc0000005]

Native frames: (J=compiled Java code, j=interpreted, Vv=VM code, C=native code)


Current CompileTask:
C2:   3735 1692       4       java.net.URLClassLoader$1::run (5 bytes)


---------------  P R O C E S S  ---------------

Java Threads: ( => current thread )
  0x0000000016d8a800 JavaThread "Service Thread" daemon [_thread_blocked, id=75388, stack(0x00000000179f0000,0x0000000017af0000)]
  0x0000000016d13800 JavaThread "C1 CompilerThread3" daemon [_thread_blocked, id=73936, stack(0x00000000178f0000,0x00000000179f0000)]
  0x0000000016d0b000 JavaThread "C2 CompilerThread2" daemon [_thread_blocked, id=57040, stack(0x00000000177f0000,0x00000000178f0000)]
=>0x0000000016d05800 JavaThread "C2 CompilerThread1" daemon [_thread_in_native, id=71384, stack(0x00000000176f0000,0x00000000177f0000)]
  0x0000000016d02800 JavaThread "C2 CompilerThread0" daemon [_thread_blocked, id=18424, stack(0x00000000175f0000,0x00000000176f0000)]
  0x0000000016cfd800 JavaThread "Attach Listener" daemon [_thread_blocked, id=65572, stack(0x00000000174f0000,0x00000000175f0000)]
  0x0000000016cfc000 JavaThread "Signal Dispatcher" daemon [_thread_blocked, id=66608, stack(0x00000000173f0000,0x00000000174f0000)]
  0x0000000016cf0800 JavaThread "Finalizer" daemon [_thread_blocked, id=64244, stack(0x00000000171d0000,0x00000000172d0000)]
  0x0000000002969000 JavaThread "Reference Handler" daemon [_thread_blocked, id=73780, stack(0x00000000170d0000,0x00000000171d0000)]
  0x0000000002873800 JavaThread "main" [_thread_in_native, id=72996, stack(0x0000000002670000,0x0000000002770000)]

Other Threads:
  0x0000000014ed8000 VMThread [stack: 0x0000000016bd0000,0x0000000016cd0000] [id=71700]
  0x0000000016db5000 WatcherThread [stack: 0x0000000017c60000,0x0000000017d60000] [id=40040]

VM state:not at safepoint (normal execution)

VM Mutex/Monitor currently owned by a thread: None

heap address: 0x00000000c9e00000, size: 866 MB, Compressed Oops mode: 32-bit
Narrow klass base: 0x0000000000000000, Narrow klass shift: 3
Compressed class space size: 1073741824 Address: 0x0000000100000000

Heap:
 PSYoungGen      total 72704K, used 13120K [0x00000000edf80000, 0x00000000f3480000, 0x0000000100000000)
  eden space 59392K, 22% used [0x00000000edf80000,0x00000000eec50068,0x00000000f1980000)
  from space 13312K, 0% used [0x00000000f2780000,0x00000000f2780000,0x00000000f3480000)
  to   space 13824K, 0% used [0x00000000f1980000,0x00000000f1980000,0x00000000f2700000)
 ParOldGen       total 38400K, used 25657K [0x00000000c9e00000, 0x00000000cc380000, 0x00000000edf80000)
  object space 38400K, 66% used [0x00000000c9e00000,0x00000000cb70e628,0x00000000cc380000)
 Metaspace       used 24028K, capacity 24480K, committed 24576K, reserved 1071104K
  class space    used 3157K, capacity 3302K, committed 3328K, reserved 1048576K

Card table byte_map: [0x0000000011d30000,0x0000000011ef0000] byte_map_base: 0x00000000116e1000

Marking Bits: (ParMarkBitMap*) 0x000000006d5b5ce0
 Begin Bits: [0x0000000012820000, 0x00000000135a8000)
 End Bits:   [0x00000000135a8000, 0x0000000014330000)

Polling page: 0x0000000000e40000

CodeCache: size=245760Kb used=5341Kb max_used=5352Kb free=240418Kb
 bounds [0x0000000002970000, 0x0000000002eb0000, 0x0000000011970000]
 total_blobs=2161 nmethods=1710 adapters=364
 compilation: enabled

Compilation events (10 events):
Event: 3.666 Thread 0x0000000016d13800 nmethod 1704 0x0000000002ea4e90 code [0x0000000002ea5000, 0x0000000002ea5328]
Event: 3.673 Thread 0x0000000016d0b000 nmethod 1701% 0x0000000002eaab10 code [0x0000000002eaace0, 0x0000000002eabdb0]
Event: 3.683 Thread 0x0000000016d13800 1706       3       org.jetbrains.kotlin.com.intellij.openapi.util.text.Strings::toLowerCase (5 bytes)
Event: 3.683 Thread 0x0000000016d13800 nmethod 1706 0x0000000002ea4350 code [0x0000000002ea44e0, 0x0000000002ea4918]
Event: 3.691 Thread 0x0000000016d13800 1707       1       org.jetbrains.kotlin.com.intellij.core.CoreApplicationEnvironment::lambda$new$0 (5 bytes)
Event: 3.691 Thread 0x0000000016d13800 nmethod 1707 0x0000000002e96ad0 code [0x0000000002e96c20, 0x0000000002e96d30]
Event: 3.699 Thread 0x0000000016d13800 1708       3       org.jetbrains.kotlin.com.intellij.openapi.util.UserDataHolderBase::getUserMap (13 bytes)
Event: 3.700 Thread 0x0000000016d13800 nmethod 1708 0x0000000002ea3f90 code [0x0000000002ea4100, 0x0000000002ea42c8]
Event: 3.708 Thread 0x0000000016d13800 1709       1       org.jetbrains.kotlin.com.intellij.openapi.util.RecursionManager$CalculationStack::access$600 (5 bytes)
Event: 3.708 Thread 0x0000000016d13800 nmethod 1709 0x0000000002ea3cd0 code [0x0000000002ea3e20, 0x0000000002ea3f10]

GC Heap History (10 events):
Event: 1.520 GC heap before
{Heap before GC invocations=3 (full 0):
 PSYoungGen      total 16896K, used 16895K [0x00000000edf80000, 0x00000000f0080000, 0x0000000100000000)
  eden space 14848K, 100% used [0x00000000edf80000,0x00000000eee00000,0x00000000eee00000)
  from space 2048K, 99% used [0x00000000ef000000,0x00000000ef1fffb8,0x00000000ef200000)
  to   space 2048K, 0% used [0x00000000eee00000,0x00000000eee00000,0x00000000ef000000)
 ParOldGen       total 38400K, used 3867K [0x00000000c9e00000, 0x00000000cc380000, 0x00000000edf80000)
  object space 38400K, 10% used [0x00000000c9e00000,0x00000000ca1c6d30,0x00000000cc380000)
 Metaspace       used 10680K, capacity 11466K, committed 11776K, reserved 1060864K
  class space    used 1177K, capacity 1241K, committed 1280K, reserved 1048576K
Event: 1.527 GC heap after
Heap after GC invocations=3 (full 0):
 PSYoungGen      total 16896K, used 2016K [0x00000000edf80000, 0x00000000f0080000, 0x0000000100000000)
  eden space 14848K, 0% used [0x00000000edf80000,0x00000000edf80000,0x00000000eee00000)
  from space 2048K, 98% used [0x00000000eee00000,0x00000000eeff8020,0x00000000ef000000)
  to   space 2048K, 0% used [0x00000000efe80000,0x00000000efe80000,0x00000000f0080000)
 ParOldGen       total 38400K, used 7358K [0x00000000c9e00000, 0x00000000cc380000, 0x00000000edf80000)
  object space 38400K, 19% used [0x00000000c9e00000,0x00000000ca52f868,0x00000000cc380000)
 Metaspace       used 10680K, capacity 11466K, committed 11776K, reserved 1060864K
  class space    used 1177K, capacity 1241K, committed 1280K, reserved 1048576K
}
Event: 1.941 GC heap before
{Heap before GC invocations=4 (full 0):
 PSYoungGen      total 16896K, used 16864K [0x00000000edf80000, 0x00000000f0080000, 0x0000000100000000)
  eden space 14848K, 100% used [0x00000000edf80000,0x00000000eee00000,0x00000000eee00000)
  from space 2048K, 98% used [0x00000000eee00000,0x00000000eeff8020,0x00000000ef000000)
  to   space 2048K, 0% used [0x00000000efe80000,0x00000000efe80000,0x00000000f0080000)
 ParOldGen       total 38400K, used 7358K [0x00000000c9e00000, 0x00000000cc380000, 0x00000000edf80000)
  object space 38400K, 19% used [0x00000000c9e00000,0x00000000ca52f868,0x00000000cc380000)
 Metaspace       used 14325K, capacity 14592K, committed 14848K, reserved 1062912K
  class space    used 1645K, capacity 1718K, committed 1792K, reserved 1048576K
Event: 1.950 GC heap after
Heap after GC invocations=4 (full 0):
 PSYoungGen      total 31744K, used 2041K [0x00000000edf80000, 0x00000000f0080000, 0x0000000100000000)
  eden space 29696K, 0% used [0x00000000edf80000,0x00000000edf80000,0x00000000efc80000)
  from space 2048K, 99% used [0x00000000efe80000,0x00000000f007e600,0x00000000f0080000)
  to   space 2048K, 0% used [0x00000000efc80000,0x00000000efc80000,0x00000000efe80000)
 ParOldGen       total 38400K, used 10386K [0x00000000c9e00000, 0x00000000cc380000, 0x00000000edf80000)
  object space 38400K, 27% used [0x00000000c9e00000,0x00000000ca8248e8,0x00000000cc380000)
 Metaspace       used 14325K, capacity 14592K, committed 14848K, reserved 1062912K
  class space    used 1645K, capacity 1718K, committed 1792K, reserved 1048576K
}
Event: 2.802 GC heap before
{Heap before GC invocations=5 (full 0):
 PSYoungGen      total 31744K, used 31737K [0x00000000edf80000, 0x00000000f0080000, 0x0000000100000000)
  eden space 29696K, 100% used [0x00000000edf80000,0x00000000efc80000,0x00000000efc80000)
  from space 2048K, 99% used [0x00000000efe80000,0x00000000f007e600,0x00000000f0080000)
  to   space 2048K, 0% used [0x00000000efc80000,0x00000000efc80000,0x00000000efe80000)
 ParOldGen       total 38400K, used 10386K [0x00000000c9e00000, 0x00000000cc380000, 0x00000000edf80000)
  object space 38400K, 27% used [0x00000000c9e00000,0x00000000ca8248e8,0x00000000cc380000)
 Metaspace       used 19867K, capacity 20198K, committed 20480K, reserved 1067008K
  class space    used 2326K, capacity 2437K, committed 2560K, reserved 1048576K
Event: 2.821 GC heap after
Heap after GC invocations=5 (full 0):
 PSYoungGen      total 31744K, used 2032K [0x00000000edf80000, 0x00000000f3580000, 0x0000000100000000)
  eden space 29696K, 0% used [0x00000000edf80000,0x00000000edf80000,0x00000000efc80000)
  from space 2048K, 99% used [0x00000000efc80000,0x00000000efe7c020,0x00000000efe80000)
  to   space 14336K, 0% used [0x00000000f2780000,0x00000000f2780000,0x00000000f3580000)
 ParOldGen       total 38400K, used 25444K [0x00000000c9e00000, 0x00000000cc380000, 0x00000000edf80000)
  object space 38400K, 66% used [0x00000000c9e00000,0x00000000cb6d9188,0x00000000cc380000)
 Metaspace       used 19867K, capacity 20198K, committed 20480K, reserved 1067008K
  class space    used 2326K, capacity 2437K, committed 2560K, reserved 1048576K
}
Event: 3.015 GC heap before
{Heap before GC invocations=6 (full 0):
 PSYoungGen      total 31744K, used 11528K [0x00000000edf80000, 0x00000000f3580000, 0x0000000100000000)
  eden space 29696K, 31% used [0x00000000edf80000,0x00000000ee8c6270,0x00000000efc80000)
  from space 2048K, 99% used [0x00000000efc80000,0x00000000efe7c020,0x00000000efe80000)
  to   space 14336K, 0% used [0x00000000f2780000,0x00000000f2780000,0x00000000f3580000)
 ParOldGen       total 38400K, used 25444K [0x00000000c9e00000, 0x00000000cc380000, 0x00000000edf80000)
  object space 38400K, 66% used [0x00000000c9e00000,0x00000000cb6d9188,0x00000000cc380000)
 Metaspace       used 20737K, capacity 21120K, committed 21248K, reserved 1069056K
  class space    used 2429K, capacity 2548K, committed 2560K, reserved 1048576K
Event: 3.027 GC heap after
Heap after GC invocations=6 (full 0):
 PSYoungGen      total 72704K, used 6297K [0x00000000edf80000, 0x00000000f3480000, 0x0000000100000000)
  eden space 59392K, 0% used [0x00000000edf80000,0x00000000edf80000,0x00000000f1980000)
  from space 13312K, 47% used [0x00000000f2780000,0x00000000f2da6420,0x00000000f3480000)
  to   space 13824K, 0% used [0x00000000f1980000,0x00000000f1980000,0x00000000f2700000)
 ParOldGen       total 38400K, used 25444K [0x00000000c9e00000, 0x00000000cc380000, 0x00000000edf80000)
  object space 38400K, 66% used [0x00000000c9e00000,0x00000000cb6d9188,0x00000000cc380000)
 Metaspace       used 20737K, capacity 21120K, committed 21248K, reserved 1069056K
  class space    used 2429K, capacity 2548K, committed 2560K, reserved 1048576K
}
Event: 3.027 GC heap before
{Heap before GC invocations=7 (full 1):
 PSYoungGen      total 72704K, used 6297K [0x00000000edf80000, 0x00000000f3480000, 0x0000000100000000)
  eden space 59392K, 0% used [0x00000000edf80000,0x00000000edf80000,0x00000000f1980000)
  from space 13312K, 47% used [0x00000000f2780000,0x00000000f2da6420,0x00000000f3480000)
  to   space 13824K, 0% used [0x00000000f1980000,0x00000000f1980000,0x00000000f2700000)
 ParOldGen       total 38400K, used 25444K [0x00000000c9e00000, 0x00000000cc380000, 0x00000000edf80000)
  object space 38400K, 66% used [0x00000000c9e00000,0x00000000cb6d9188,0x00000000cc380000)
 Metaspace       used 20737K, capacity 21120K, committed 21248K, reserved 1069056K
  class space    used 2429K, capacity 2548K, committed 2560K, reserved 1048576K
Event: 3.160 GC heap after
Heap after GC invocations=7 (full 1):
 PSYoungGen      total 72704K, used 0K [0x00000000edf80000, 0x00000000f3480000, 0x0000000100000000)
  eden space 59392K, 0% used [0x00000000edf80000,0x00000000edf80000,0x00000000f1980000)
  from space 13312K, 0% used [0x00000000f2780000,0x00000000f2780000,0x00000000f3480000)
  to   space 13824K, 0% used [0x00000000f1980000,0x00000000f1980000,0x00000000f2700000)
 ParOldGen       total 38400K, used 25657K [0x00000000c9e00000, 0x00000000cc380000, 0x00000000edf80000)
  object space 38400K, 66% used [0x00000000c9e00000,0x00000000cb70e628,0x00000000cc380000)
 Metaspace       used 20737K, capacity 21120K, committed 21248K, reserved 1069056K
  class space    used 2429K, capacity 2548K, committed 2560K, reserved 1048576K
}

Deoptimization events (10 events):
Event: 2.526 Thread 0x0000000002873800 Uncommon trap: reason=class_check action=maybe_recompile pc=0x0000000002cbc9ec method=java.util.Collections$UnmodifiableList.get(I)Ljava/lang/Object; @ 5
Event: 2.590 Thread 0x0000000002873800 Uncommon trap: reason=unstable_if action=reinterpret pc=0x0000000002bb055c method=sun.misc.MetaIndex.mayContain(Ljava/lang/String;)Z @ 38
Event: 2.592 Thread 0x0000000002873800 Uncommon trap: reason=unstable_if action=reinterpret pc=0x0000000002b73cb8 method=sun.misc.MetaIndex.mayContain(Ljava/lang/String;)Z @ 38
Event: 2.688 Thread 0x0000000002873800 Uncommon trap: reason=unstable_if action=reinterpret pc=0x0000000002e3a21c method=java.util.Arrays.equals([B[B)Z @ 2
Event: 2.721 Thread 0x0000000002873800 Uncommon trap: reason=class_check action=maybe_recompile pc=0x0000000002e14b28 method=java.util.zip.InflaterInputStream.read([BII)I @ 100
Event: 2.789 Thread 0x0000000002873800 Uncommon trap: reason=unstable_if action=reinterpret pc=0x0000000002e34220 method=java.util.Arrays.hashCode([B)I @ 1
Event: 2.841 Thread 0x0000000002873800 Uncommon trap: reason=unstable_if action=reinterpret pc=0x0000000002e3b920 method=com.sun.nio.zipfs.ZipFileSystem.getParent([B)[B @ 21
Event: 2.841 Thread 0x0000000002873800 Uncommon trap: reason=unstable_if action=reinterpret pc=0x0000000002e3b450 method=java.util.Arrays.equals([B[B)Z @ 2
Event: 2.859 Thread 0x0000000002873800 Uncommon trap: reason=class_check action=maybe_recompile pc=0x0000000002e14b28 method=java.util.zip.InflaterInputStream.read([BII)I @ 100
Event: 3.271 Thread 0x0000000002873800 Uncommon trap: reason=unstable_if action=reinterpret pc=0x0000000002aaf9f8 method=java.lang.String.startsWith(Ljava/lang/String;I)Z @ 25

Classes redefined (0 events):
No events

Internal exceptions (10 events):
Event: 1.174 Thread 0x0000000002873800 Exception <a 'java/lang/ArrayIndexOutOfBoundsException'> (0x00000000eed65ee0) thrown at [C:\re\workspace\8-2-build-windows-amd64-cygwin\jdk8u211\12973\hotspot\src\share\vm\runtime\sharedRuntime.cpp, line 605]
Event: 1.435 Thread 0x0000000002873800 Exception <a 'java/lang/ArrayIndexOutOfBoundsException'> (0x00000000ee9f9778) thrown at [C:\re\workspace\8-2-build-windows-amd64-cygwin\jdk8u211\12973\hotspot\src\share\vm\runtime\sharedRuntime.cpp, line 605]
Event: 1.726 Thread 0x0000000002873800 Exception <a 'java/lang/NoSuchFieldError': method resolution failed> (0x00000000ee72e738) thrown at [C:\re\workspace\8-2-build-windows-amd64-cygwin\jdk8u211\12973\hotspot\src\share\vm\prims\methodHandles.cpp, line 1167]
Event: 1.727 Thread 0x0000000002873800 Exception <a 'java/lang/NoSuchFieldError': method resolution failed> (0x00000000ee73be58) thrown at [C:\re\workspace\8-2-build-windows-amd64-cygwin\jdk8u211\12973\hotspot\src\share\vm\prims\methodHandles.cpp, line 1167]
Event: 2.357 Thread 0x0000000002873800 Exception <a 'java/lang/NoSuchMethodError': java.lang.Object.lambda$static$0()J> (0x00000000eec668b0) thrown at [C:\re\workspace\8-2-build-windows-amd64-cygwin\jdk8u211\12973\hotspot\src\share\vm\interpreter\linkResolver.cpp, line 620]
Event: 2.789 Thread 0x0000000002873800 Implicit null exception at 0x0000000002e34093 to 0x0000000002e3420a
Event: 2.967 Thread 0x0000000002873800 Exception <a 'java/lang/NoSuchMethodError': java.lang.Object.lambda$static$0(I)[Lorg/jetbrains/kotlin/com/intellij/openapi/editor/event/DocumentListener;> (0x00000000ee6e6298) thrown at [C:\re\workspace\8-2-build-windows-amd64-cygwin\jdk8u211\12973\hotspo
Event: 3.216 Thread 0x0000000002873800 Exception <a 'java/lang/NoSuchMethodError': java.lang.Object.lambda$static$0(I)[Lorg/jetbrains/kotlin/com/intellij/psi/PsiAnnotation;> (0x00000000ee05bac8) thrown at [C:\re\workspace\8-2-build-windows-amd64-cygwin\jdk8u211\12973\hotspot\src\share\vm\inter
Event: 3.383 Thread 0x0000000002873800 Exception <a 'java/lang/NoSuchMethodError': java.lang.Object.lambda$static$0(I)[Lorg/jetbrains/kotlin/com/intellij/psi/PsiElement;> (0x00000000ee575bc8) thrown at [C:\re\workspace\8-2-build-windows-amd64-cygwin\jdk8u211\12973\hotspot\src\share\vm\interpre
Event: 3.472 Thread 0x0000000002873800 Exception <a 'java/lang/NoSuchMethodError': java.lang.Object.lambda$comparing$77a9974f$1(Ljava/util/function/Function;Ljava/lang/Object;Ljava/lang/Object;)I> (0x00000000ee757888) thrown at [C:\re\workspace\8-2-build-windows-amd64-cygwin\jdk8u211\12973\hot

Events (10 events):
Event: 3.725 loading class java/net/MalformedURLException
Event: 3.726 loading class java/net/MalformedURLException done
Event: 3.726 loading class org/jetbrains/kotlin/com/intellij/openapi/util/io/FileTooBigException
Event: 3.726 loading class org/jetbrains/kotlin/com/intellij/openapi/util/io/FileTooBigException done
Event: 3.728 loading class org/jetbrains/kotlin/com/intellij/util/text/FilePathHashingStrategy
Event: 3.728 loading class org/jetbrains/kotlin/com/intellij/util/text/FilePathHashingStrategy done
Event: 3.730 loading class org/jetbrains/kotlin/com/intellij/util/text/CaseInsensitiveStringHashingStrategy
Event: 3.730 loading class org/jetbrains/kotlin/com/intellij/util/text/CaseInsensitiveStringHashingStrategy done
Event: 3.731 loading class org/jetbrains/kotlin/com/intellij/util/text/CharSequenceHashingStrategy
Event: 3.731 loading class org/jetbrains/kotlin/com/intellij/util/text/CharSequenceHashingStrategy done


Dynamic libraries:
0x00007ff62fc00000 - 0x00007ff62fc37000 	C:\Program Files\Java\jdk1.8.0_211\jre\bin\java.exe
0x00007ffc2c7c0000 - 0x00007ffc2c9c9000 	C:\WINDOWS\SYSTEM32\ntdll.dll
0x00007ffc2af60000 - 0x00007ffc2b01d000 	C:\WINDOWS\System32\KERNEL32.DLL
0x00007ffc29f60000 - 0x00007ffc2a2d4000 	C:\WINDOWS\System32\KERNELBASE.dll
0x00007ffc2abb0000 - 0x00007ffc2ac5e000 	C:\WINDOWS\System32\ADVAPI32.dll
0x00007ffc2c6d0000 - 0x00007ffc2c773000 	C:\WINDOWS\System32\msvcrt.dll
0x00007ffc2a8d0000 - 0x00007ffc2a96e000 	C:\WINDOWS\System32\sechost.dll
0x00007ffc2acd0000 - 0x00007ffc2adf0000 	C:\WINDOWS\System32\RPCRT4.dll
0x00007ffc2c430000 - 0x00007ffc2c5dc000 	C:\WINDOWS\System32\USER32.dll
0x00007ffc2a400000 - 0x00007ffc2a426000 	C:\WINDOWS\System32\win32u.dll
0x00007ffc2a9d0000 - 0x00007ffc2a9f9000 	C:\WINDOWS\System32\GDI32.dll
0x00007ffc2a2e0000 - 0x00007ffc2a3f2000 	C:\WINDOWS\System32\gdi32full.dll
0x00007ffc29d30000 - 0x00007ffc29dcd000 	C:\WINDOWS\System32\msvcp_win.dll
0x00007ffc29dd0000 - 0x00007ffc29ee1000 	C:\WINDOWS\System32\ucrtbase.dll
0x00007ffc0eed0000 - 0x00007ffc0f175000 	C:\WINDOWS\WinSxS\amd64_microsoft.windows.common-controls_6595b64144ccf1df_6.0.22000.120_none_9d947278b86cc467\COMCTL32.dll
0x00007ffc2ba00000 - 0x00007ffc2ba31000 	C:\WINDOWS\System32\IMM32.DLL
0x000000006d640000 - 0x000000006d712000 	C:\Program Files\Java\jdk1.8.0_211\jre\bin\msvcr100.dll
0x000000006cd90000 - 0x000000006d635000 	C:\Program Files\Java\jdk1.8.0_211\jre\bin\server\jvm.dll
0x00007ffc2b490000 - 0x00007ffc2b498000 	C:\WINDOWS\System32\PSAPI.DLL
0x00007ffc221c0000 - 0x00007ffc221ca000 	C:\WINDOWS\SYSTEM32\VERSION.dll
0x00007ffc25090000 - 0x00007ffc25099000 	C:\WINDOWS\SYSTEM32\WSOCK32.dll
0x00007ffc24500000 - 0x00007ffc24533000 	C:\WINDOWS\SYSTEM32\WINMM.dll
0x00007ffc2a800000 - 0x00007ffc2a86f000 	C:\WINDOWS\System32\WS2_32.dll
0x00007ffc1a010000 - 0x00007ffc1a01f000 	C:\Program Files\Java\jdk1.8.0_211\jre\bin\verify.dll
0x00007ffc19290000 - 0x00007ffc192b9000 	C:\Program Files\Java\jdk1.8.0_211\jre\bin\java.dll
0x00007ffc19520000 - 0x00007ffc19536000 	C:\Program Files\Java\jdk1.8.0_211\jre\bin\zip.dll
0x00007ffc2bc80000 - 0x00007ffc2c42e000 	C:\WINDOWS\System32\SHELL32.dll
0x00007ffc27de0000 - 0x00007ffc28647000 	C:\WINDOWS\SYSTEM32\windows.storage.dll
0x00007ffc2b4a0000 - 0x00007ffc2b818000 	C:\WINDOWS\System32\combase.dll
0x00007ffc27c70000 - 0x00007ffc27dd6000 	C:\WINDOWS\SYSTEM32\wintypes.dll
0x00007ffc2c5e0000 - 0x00007ffc2c6ca000 	C:\WINDOWS\System32\SHCORE.dll
0x00007ffc2a970000 - 0x00007ffc2a9cd000 	C:\WINDOWS\System32\shlwapi.dll
0x00007ffc29be0000 - 0x00007ffc29c01000 	C:\WINDOWS\SYSTEM32\profapi.dll
0x00007ffc188d0000 - 0x00007ffc188ea000 	C:\Program Files\Java\jdk1.8.0_211\jre\bin\net.dll
0x00007ffc23df0000 - 0x00007ffc23fde000 	C:\WINDOWS\SYSTEM32\urlmon.dll
0x00007ffc235a0000 - 0x00007ffc23852000 	C:\WINDOWS\SYSTEM32\iertutil.dll
0x00007ffc28890000 - 0x00007ffc2889c000 	C:\WINDOWS\SYSTEM32\netutils.dll
0x00007ffc244a0000 - 0x00007ffc244c8000 	C:\WINDOWS\SYSTEM32\srvcli.dll
0x00007ffc291e0000 - 0x00007ffc29247000 	C:\WINDOWS\system32\mswsock.dll
0x00007ffc14730000 - 0x00007ffc14742000 	C:\Program Files\Java\jdk1.8.0_211\jre\bin\nio.dll

VM Arguments:
java_command: org.jetbrains.kotlin.cli.jvm.K2JVMCompiler @C:\xampp\htdocs\TCC-unigran\mobile\node_modules\react-native-gesture-handler\android\build\20220216_1661270821904340467.compiler.options
java_class_path (initial): C:\Users\rebec\.gradle\caches\modules-2\files-2.1\org.jetbrains.kotlin\kotlin-compiler-embeddable\1.5.20\1900e8b9aca0a9caffd45b99b36e3720a0a284f8\kotlin-compiler-embeddable-1.5.20.jar;C:\Users\rebec\.gradle\caches\modules-2\files-2.1\org.jetbrains.kotlin\kotlin-reflect\1.5.20\63810951f09a27f7827977f1bc21094042a915e\kotlin-reflect-1.5.20.jar;C:\Users\rebec\.gradle\caches\modules-2\files-2.1\org.jetbrains.kotlin\kotlin-stdlib\1.5.20\9de35cc611bcecec8edce1d56d8e659953806751\kotlin-stdlib-1.5.20.jar;C:\Users\rebec\.gradle\caches\modules-2\files-2.1\org.jetbrains.kotlin\kotlin-script-runtime\1.5.20\4381bb58d37b84d4d1afe55ec35542dd9b77e101\kotlin-script-runtime-1.5.20.jar;C:\Users\rebec\.gradle\caches\modules-2\files-2.1\org.jetbrains.kotlin\kotlin-daemon-embeddable\1.5.20\36c38cda019834dcd2959cc33a12768adcd94256\kotlin-daemon-embeddable-1.5.20.jar;C:\Users\rebec\.gradle\caches\modules-2\files-2.1\org.jetbrains.intellij.deps\trove4j\1.0.20181211\216c2e14b070f334479d800987affe4054cd563f\trove4j-1.0.20181211.jar;C:\Users\rebec\.gradle\caches\modules-2\files-2.1\org.jetbrains\annotations\13.0\919f0dfe192fb4e063e7dacadee7f8bb9a2672a9\annotations-13.0.jar;C:\Users\rebec\.gradle\caches\modules-2\files-2.1\org.jetbrains.kotlin\kotlin-stdlib-common\1.5.20\3d79dbd48bf605f4aac1e7028981a1953e245cbb\kotlin-stdlib-common-1.5.20.jar;C:\Program Files\Java\jdk1.8.0_211\lib\tools.jar
Launcher Type: SUN_STANDARD

Environment Variables:
JAVA_HOME=C:\Program Files\Java\jdk1.8.0_211
CLASSPATH=C:\xampp\htdocs\TCC-unigran\mobile\android\\gradle\wrapper\gradle-wrapper.jar
PATH=C:\xampp\htdocs\TCC-unigran\mobile\android\node_modules\.bin;C:\xampp\htdocs\TCC-unigran\mobile\node_modules\.bin;C:\xampp\htdocs\TCC-unigran\node_modules\.bin;C:\xampp\htdocs\node_modules\.bin;C:\xampp\node_modules\.bin;C:\node_modules\.bin;C:\Program Files\nodejs;C:\xampp\htdocs\TCC-unigran\mobile\node_modules\.bin;C:\xampp\htdocs\TCC-unigran\node_modules\.bin;C:\xampp\htdocs\node_modules\.bin;C:\xampp\node_modules\.bin;C:\node_modules\.bin;C:\Users\rebec\AppData\Roaming\nvm\v16.13.0\node_modules\npm\node_modules\@npmcli\run-script\lib\node-gyp-bin;C:\Python27\;C:\Python27\Scripts;C:\Python39\Scripts\;C:\Python39\;C:\Program Files\Common Files\Oracle\Java\javapath;C:\Program Files\Java\zulu11.48.21-ca-jdk11.0.11-win_x64\bin;C:\WINDOWS\system32;C:\WINDOWS;C:\WINDOWS\System32\Wbem;C:\WINDOWS\System32\WindowsPowerShell\v1.0\;C:\WINDOWS\System32\OpenSSH\;C:\xampp\versao\php;C:\ProgramData\ComposerSetup\bin;C:\Program Files\PuTTY\;C:\ProgramData\chocolatey\bin;C:\xampp\versao\mysql\bin;C:\Program Files\Git\cmd;C:\Program Files\OpenJDK\openjdk-8u312-b07\bin;C:\Users\rebec\AppData\Local\Android\Sdk\platform-tools;C:\Users\rebec\AppData\Roaming\nvm;C:\Program Files\nodejs;C:\Program Files\OpenJDK\jdk-17.0.1\bin;C:\Users\rebec\AppData\Local\Android\Sdk;C:\Program Files\Java\jdk1.8.0_211\bin;C:\xampp\versao\php;C:\xampp\php;C:\Ruby27-x64\bin;C:\Users\rebec\AppData\Local\Microsoft\WindowsApps;C:\Users\rebec\AppData\Local\Programs\Microsoft VS Code\bin;C:\Users\rebec\AppData\Roaming\Composer\vendor\bin;C:\Program Files\MongoDB\Server\5.0\bin;C:\Users\rebec\AppData\Local\GitHubDesktop\bin;C:\Users\rebec\AppData\Roaming\npm;C:\Users\rebec\AppData\Roaming\nvm;C:\Program Files\nodejs;C:\xampp\php;;C:\xampp\htdocs\TCC-unigran\mobile\node_modules\.bin
USERNAME=rebec
OS=Windows_NT
PROCESSOR_IDENTIFIER=AMD64 Family 23 Model 24 Stepping 1, AuthenticAMD



---------------  S Y S T E M  ---------------

OS: Windows 10.0 , 64 bit Build 22000 (10.0.22000.434)

CPU:total 8 (initial active 8) (8 cores per cpu, 1 threads per core) family 23 model 24 stepping 1, cmov, cx8, fxsr, mmx, sse, sse2, sse3, ssse3, sse4.1, sse4.2, popcnt, avx, avx2, aes, clmul, mmxext, 3dnowpref, lzcnt, sse4a, tsc, tscinvbit, tscinv, bmi1

Memory: 4k page, physical 3543304k(88584k free), swap 14553352k(6648k free)

vm_info: Java HotSpot(TM) 64-Bit Server VM (25.211-b12) for windows-amd64 JRE (1.8.0_211-b12), built on Apr  1 2019 20:53:26 by "java_re" with MS VC++ 10.0 (VS2010)

time: Wed Feb 16 14:24:08 2022
timezone: Hora Universal Coordenada
elapsed time: 3 seconds (0d 0h 0m 3s)

