#
# There is insufficient memory for the Java Runtime Environment to continue.
# Native memory allocation (malloc) failed to allocate 691840 bytes for Chunk::new
# Possible reasons:
#   The system is out of physical RAM or swap space
#   The process is running with CompressedOops enabled, and the Java Heap may be blocking the growth of the native heap
# Possible solutions:
#   Reduce memory load on the system
#   Increase physical memory or swap space
#   Check if swap backing store is full
#   Decrease Java heap size (-Xmx/-Xms)
#   Decrease number of Java threads
#   Decrease Java thread stack sizes (-Xss)
#   Set larger code cache with -XX:ReservedCodeCacheSize=
#   JVM is running with Unscaled Compressed Oops mode in which the Java heap is
#     placed in the first 4GB address space. The Java Heap base address is the
#     maximum limit for the native heap growth. Please use -XX:HeapBaseMinAddress
#     to set the Java Heap base and to place the Java Heap above 4GB virtual address.
# This output file may be truncated or incomplete.
#
#  Out of Memory Error (allocation.cpp:389), pid=4160, tid=0x0000000000005944
#
# JRE version: Java(TM) SE Runtime Environment (8.0_211-b12) (build 1.8.0_211-b12)
# Java VM: Java HotSpot(TM) 64-Bit Server VM (25.211-b12 mixed mode windows-amd64 compressed oops)
# Failed to write core dump. Minidumps are not enabled by default on client versions of Windows
#

---------------  T H R E A D  ---------------

Current thread (0x000000001563d000):  JavaThread "C2 CompilerThread2" daemon [_thread_in_native, id=22852, stack(0x0000000016120000,0x0000000016220000)]

Stack: [0x0000000016120000,0x0000000016220000]
[error occurred during error reporting (printing stack bounds), id 0xc0000005]

Native frames: (J=compiled Java code, j=interpreted, Vv=VM code, C=native code)


Current CompileTask:
C2:   2152  837       4       java.io.WinNTFileSystem::normalize (143 bytes)


---------------  P R O C E S S  ---------------

Java Threads: ( => current thread )
  0x000000001713b800 JavaThread "pool-1-thread-1" [_thread_blocked, id=27120, stack(0x0000000017e60000,0x0000000017f60000)]
  0x00000000156a8000 JavaThread "Service Thread" daemon [_thread_blocked, id=26956, stack(0x0000000016320000,0x0000000016420000)]
  0x000000001563f800 JavaThread "C1 CompilerThread3" daemon [_thread_blocked, id=6312, stack(0x0000000016220000,0x0000000016320000)]
=>0x000000001563d000 JavaThread "C2 CompilerThread2" daemon [_thread_in_native, id=22852, stack(0x0000000016120000,0x0000000016220000)]
  0x000000001562e000 JavaThread "C2 CompilerThread1" daemon [_thread_blocked, id=20136, stack(0x0000000016020000,0x0000000016120000)]
  0x000000001562b000 JavaThread "C2 CompilerThread0" daemon [_thread_blocked, id=28064, stack(0x0000000015f20000,0x0000000016020000)]
  0x0000000015624800 JavaThread "Attach Listener" daemon [_thread_blocked, id=29616, stack(0x0000000015e20000,0x0000000015f20000)]
  0x0000000015635800 JavaThread "Signal Dispatcher" daemon [_thread_blocked, id=12968, stack(0x0000000015d20000,0x0000000015e20000)]
  0x0000000015621000 JavaThread "Finalizer" daemon [_thread_blocked, id=24344, stack(0x0000000015b00000,0x0000000015c00000)]
  0x0000000015620800 JavaThread "Reference Handler" daemon [_thread_blocked, id=17428, stack(0x0000000015a00000,0x0000000015b00000)]
  0x0000000002f92800 JavaThread "main" [_thread_in_native, id=28188, stack(0x0000000002e90000,0x0000000002f90000)]

Other Threads:
  0x0000000013839800 VMThread [stack: 0x0000000015500000,0x0000000015600000] [id=17796]
  0x00000000156aa800 WatcherThread [stack: 0x0000000016590000,0x0000000016690000] [id=27016]

VM state:not at safepoint (normal execution)

VM Mutex/Monitor currently owned by a thread: None

heap address: 0x00000000fc000000, size: 64 MB, Compressed Oops mode: 32-bit
Narrow klass base: 0x0000000000000000, Narrow klass shift: 3
Compressed class space size: 1073741824 Address: 0x0000000100000000

Heap:
 PSYoungGen      total 18944K, used 11682K [0x00000000feb00000, 0x0000000100000000, 0x0000000100000000)
  eden space 16384K, 55% used [0x00000000feb00000,0x00000000ff3f07c0,0x00000000ffb00000)
  from space 2560K, 98% used [0x00000000ffd80000,0x00000000ffff8040,0x0000000100000000)
  to   space 2560K, 0% used [0x00000000ffb00000,0x00000000ffb00000,0x00000000ffd80000)
 ParOldGen       total 44032K, used 1484K [0x00000000fc000000, 0x00000000feb00000, 0x00000000feb00000)
  object space 44032K, 3% used [0x00000000fc000000,0x00000000fc173370,0x00000000feb00000)
 Metaspace       used 10152K, capacity 10492K, committed 10752K, reserved 1058816K
  class space    used 1386K, capacity 1516K, committed 1536K, reserved 1048576K

Card table byte_map: [0x0000000002d90000,0x0000000002dc0000] byte_map_base: 0x00000000025b0000

Marking Bits: (ParMarkBitMap*) 0x0000000065035ce0
 Begin Bits: [0x0000000012c50000, 0x0000000012d50000)
 End Bits:   [0x0000000012d50000, 0x0000000012e50000)

Polling page: 0x0000000001570000

CodeCache: size=245760Kb used=3190Kb max_used=3203Kb free=242569Kb
 bounds [0x0000000003090000, 0x00000000033c0000, 0x0000000012090000]
 total_blobs=1164 nmethods=837 adapters=241
 compilation: enabled

Compilation events (10 events):
Event: 1.879 Thread 0x000000001563f800  834       3       java.lang.ThreadLocal::get (38 bytes)
Event: 1.879 Thread 0x000000001563f800 nmethod 834 0x00000000033ace90 code [0x00000000033ad020, 0x00000000033ad3a8]
Event: 1.879 Thread 0x000000001563f800  835       3       sun.nio.cs.SingleByte$Encoder::encode (32 bytes)
Event: 1.879 Thread 0x000000001563f800 nmethod 835 0x00000000033ac9d0 code [0x00000000033acb40, 0x00000000033acd50]
Event: 1.879 Thread 0x000000001563f800  836       3       java.lang.Integer::reverseBytes (26 bytes)
Event: 1.880 Thread 0x000000001563f800 nmethod 836 0x00000000033ac6d0 code [0x00000000033ac820, 0x00000000033ac970]
Event: 1.882 Thread 0x000000001563d000  837       4       java.io.WinNTFileSystem::normalize (143 bytes)
Event: 1.884 Thread 0x000000001562b000 nmethod 829 0x00000000033b19d0 code [0x00000000033b1ba0, 0x00000000033b28c0]
Event: 1.885 Thread 0x000000001563f800  838       3       java.util.Vector::elementData (7 bytes)
Event: 1.886 Thread 0x000000001563f800 nmethod 838 0x00000000033ac310 code [0x00000000033ac460, 0x00000000033ac5d0]

GC Heap History (4 events):
Event: 0.914 GC heap before
{Heap before GC invocations=1 (full 0):
 PSYoungGen      total 18944K, used 16384K [0x00000000feb00000, 0x0000000100000000, 0x0000000100000000)
  eden space 16384K, 100% used [0x00000000feb00000,0x00000000ffb00000,0x00000000ffb00000)
  from space 2560K, 0% used [0x00000000ffd80000,0x00000000ffd80000,0x0000000100000000)
  to   space 2560K, 0% used [0x00000000ffb00000,0x00000000ffb00000,0x00000000ffd80000)
 ParOldGen       total 44032K, used 0K [0x00000000fc000000, 0x00000000feb00000, 0x00000000feb00000)
  object space 44032K, 0% used [0x00000000fc000000,0x00000000fc000000,0x00000000feb00000)
 Metaspace       used 6076K, capacity 6366K, committed 6528K, reserved 1056768K
  class space    used 727K, capacity 845K, committed 896K, reserved 1048576K
Event: 0.920 GC heap after
Heap after GC invocations=1 (full 0):
 PSYoungGen      total 18944K, used 2551K [0x00000000feb00000, 0x0000000100000000, 0x0000000100000000)
  eden space 16384K, 0% used [0x00000000feb00000,0x00000000feb00000,0x00000000ffb00000)
  from space 2560K, 99% used [0x00000000ffb00000,0x00000000ffd7dd28,0x00000000ffd80000)
  to   space 2560K, 0% used [0x00000000ffd80000,0x00000000ffd80000,0x0000000100000000)
 ParOldGen       total 44032K, used 63K [0x00000000fc000000, 0x00000000feb00000, 0x00000000feb00000)
  object space 44032K, 0% used [0x00000000fc000000,0x00000000fc00fdb8,0x00000000feb00000)
 Metaspace       used 6076K, capacity 6366K, committed 6528K, reserved 1056768K
  class space    used 727K, capacity 845K, committed 896K, reserved 1048576K
}
Event: 1.494 GC heap before
{Heap before GC invocations=2 (full 0):
 PSYoungGen      total 18944K, used 18935K [0x00000000feb00000, 0x0000000100000000, 0x0000000100000000)
  eden space 16384K, 100% used [0x00000000feb00000,0x00000000ffb00000,0x00000000ffb00000)
  from space 2560K, 99% used [0x00000000ffb00000,0x00000000ffd7dd28,0x00000000ffd80000)
  to   space 2560K, 0% used [0x00000000ffd80000,0x00000000ffd80000,0x0000000100000000)
 ParOldGen       total 44032K, used 63K [0x00000000fc000000, 0x00000000feb00000, 0x00000000feb00000)
  object space 44032K, 0% used [0x00000000fc000000,0x00000000fc00fdb8,0x00000000feb00000)
 Metaspace       used 8852K, capacity 9144K, committed 9344K, reserved 1056768K
  class space    used 1172K, capacity 1284K, committed 1408K, reserved 1048576K
Event: 1.503 GC heap after
Heap after GC invocations=2 (full 0):
 PSYoungGen      total 18944K, used 2528K [0x00000000feb00000, 0x0000000100000000, 0x0000000100000000)
  eden space 16384K, 0% used [0x00000000feb00000,0x00000000feb00000,0x00000000ffb00000)
  from space 2560K, 98% used [0x00000000ffd80000,0x00000000ffff8040,0x0000000100000000)
  to   space 2560K, 0% used [0x00000000ffb00000,0x00000000ffb00000,0x00000000ffd80000)
 ParOldGen       total 44032K, used 1484K [0x00000000fc000000, 0x00000000feb00000, 0x00000000feb00000)
  object space 44032K, 3% used [0x00000000fc000000,0x00000000fc173370,0x00000000feb00000)
 Metaspace       used 8852K, capacity 9144K, committed 9344K, reserved 1056768K
  class space    used 1172K, capacity 1284K, committed 1408K, reserved 1048576K
}

Deoptimization events (10 events):
Event: 0.867 Thread 0x0000000002f92800 Uncommon trap: reason=class_check action=maybe_recompile pc=0x00000000032cf0e8 method=java.util.HashMap.putVal(ILjava/lang/Object;Ljava/lang/Object;ZZ)Ljava/lang/Object; @ 91
Event: 0.867 Thread 0x0000000002f92800 Uncommon trap: reason=class_check action=maybe_recompile pc=0x00000000032cf0e8 method=java.util.HashMap.putVal(ILjava/lang/Object;Ljava/lang/Object;ZZ)Ljava/lang/Object; @ 91
Event: 0.867 Thread 0x0000000002f92800 Uncommon trap: reason=class_check action=maybe_recompile pc=0x00000000032d15c0 method=java.util.HashMap.putVal(ILjava/lang/Object;Ljava/lang/Object;ZZ)Ljava/lang/Object; @ 91
Event: 1.050 Thread 0x0000000002f92800 Uncommon trap: reason=unstable_if action=reinterpret pc=0x0000000003268e80 method=java.util.regex.Matcher.reset()Ljava/util/regex/Matcher; @ 47
Event: 1.050 Thread 0x0000000002f92800 Uncommon trap: reason=class_check action=maybe_recompile pc=0x0000000003269cd8 method=java.util.regex.Matcher.match(II)Z @ 86
Event: 1.050 Thread 0x0000000002f92800 Uncommon trap: reason=class_check action=maybe_recompile pc=0x0000000003269cd8 method=java.util.regex.Matcher.match(II)Z @ 86
Event: 1.051 Thread 0x0000000002f92800 Uncommon trap: reason=class_check action=maybe_recompile pc=0x0000000003269cd8 method=java.util.regex.Matcher.match(II)Z @ 86
Event: 1.052 Thread 0x0000000002f92800 Uncommon trap: reason=class_check action=maybe_recompile pc=0x0000000003269cd8 method=java.util.regex.Matcher.match(II)Z @ 86
Event: 1.807 Thread 0x0000000002f92800 Uncommon trap: reason=unstable_if action=reinterpret pc=0x0000000003333614 method=java.util.HashMap.getNode(ILjava/lang/Object;)Ljava/util/HashMap$Node; @ 129
Event: 1.807 Thread 0x0000000002f92800 Uncommon trap: reason=bimorphic action=maybe_recompile pc=0x0000000003308f0c method=java.util.HashMap.putVal(ILjava/lang/Object;Ljava/lang/Object;ZZ)Ljava/lang/Object; @ 203

Classes redefined (0 events):
No events

Internal exceptions (10 events):
Event: 1.648 Thread 0x0000000002f92800 Exception <a 'java/lang/ArrayIndexOutOfBoundsException'> (0x00000000fee740b0) thrown at [C:\re\workspace\8-2-build-windows-amd64-cygwin\jdk8u211\12973\hotspot\src\share\vm\runtime\sharedRuntime.cpp, line 605]
Event: 1.649 Thread 0x0000000002f92800 Exception <a 'java/lang/ArrayIndexOutOfBoundsException'> (0x00000000fee784e8) thrown at [C:\re\workspace\8-2-build-windows-amd64-cygwin\jdk8u211\12973\hotspot\src\share\vm\runtime\sharedRuntime.cpp, line 605]
Event: 1.664 Thread 0x0000000002f92800 Exception <a 'java/lang/ArrayIndexOutOfBoundsException'> (0x00000000feee83e0) thrown at [C:\re\workspace\8-2-build-windows-amd64-cygwin\jdk8u211\12973\hotspot\src\share\vm\runtime\sharedRuntime.cpp, line 605]
Event: 1.665 Thread 0x0000000002f92800 Exception <a 'java/lang/ArrayIndexOutOfBoundsException'> (0x00000000feee9630) thrown at [C:\re\workspace\8-2-build-windows-amd64-cygwin\jdk8u211\12973\hotspot\src\share\vm\runtime\sharedRuntime.cpp, line 605]
Event: 1.665 Thread 0x0000000002f92800 Exception <a 'java/lang/ArrayIndexOutOfBoundsException'> (0x00000000feeeb528) thrown at [C:\re\workspace\8-2-build-windows-amd64-cygwin\jdk8u211\12973\hotspot\src\share\vm\runtime\sharedRuntime.cpp, line 605]
Event: 1.665 Thread 0x0000000002f92800 Exception <a 'java/lang/ArrayIndexOutOfBoundsException'> (0x00000000feeee000) thrown at [C:\re\workspace\8-2-build-windows-amd64-cygwin\jdk8u211\12973\hotspot\src\share\vm\runtime\sharedRuntime.cpp, line 605]
Event: 1.665 Thread 0x0000000002f92800 Exception <a 'java/lang/ArrayIndexOutOfBoundsException'> (0x00000000feeefb80) thrown at [C:\re\workspace\8-2-build-windows-amd64-cygwin\jdk8u211\12973\hotspot\src\share\vm\runtime\sharedRuntime.cpp, line 605]
Event: 1.666 Thread 0x0000000002f92800 Exception <a 'java/lang/ArrayIndexOutOfBoundsException'> (0x00000000feef0c60) thrown at [C:\re\workspace\8-2-build-windows-amd64-cygwin\jdk8u211\12973\hotspot\src\share\vm\runtime\sharedRuntime.cpp, line 605]
Event: 1.666 Thread 0x0000000002f92800 Exception <a 'java/lang/ArrayIndexOutOfBoundsException'> (0x00000000feef42c0) thrown at [C:\re\workspace\8-2-build-windows-amd64-cygwin\jdk8u211\12973\hotspot\src\share\vm\runtime\sharedRuntime.cpp, line 605]
Event: 1.708 Thread 0x0000000002f92800 Exception <a 'java/lang/NoSuchMethodError': java.lang.Object.lambda$get$0(Ljava/util/function/Supplier;Ljava/lang/Object;)Ljava/lang/Object;> (0x00000000fefd3e60) thrown at [C:\re\workspace\8-2-build-windows-amd64-cygwin\jdk8u211\12973\hotspot\src\share\v

Events (10 events):
Event: 1.876 loading class sun/security/provider/SeedGenerator$1
Event: 1.877 loading class sun/security/provider/SeedGenerator$1 done
Event: 1.881 loading class java/net/NetworkInterface
Event: 1.882 loading class java/net/NetworkInterface done
Event: 1.882 loading class java/net/NetworkInterface$1
Event: 1.882 loading class java/net/NetworkInterface$1 done
Event: 1.886 loading class java/net/InterfaceAddress
Event: 1.886 loading class java/net/InterfaceAddress done
Event: 1.886 loading class java/net/DefaultInterface
Event: 1.886 loading class java/net/DefaultInterface done


Dynamic libraries:
0x00007ff6136b0000 - 0x00007ff6136e7000 	C:\Program Files\Java\jdk1.8.0_211\bin\java.exe
0x00007ff8f03e0000 - 0x00007ff8f05e9000 	C:\WINDOWS\SYSTEM32\ntdll.dll
0x00007ff8ee9b0000 - 0x00007ff8eea6d000 	C:\WINDOWS\System32\KERNEL32.DLL
0x00007ff8ed8d0000 - 0x00007ff8edc44000 	C:\WINDOWS\System32\KERNELBASE.dll
0x00007ff8ee5a0000 - 0x00007ff8ee64e000 	C:\WINDOWS\System32\ADVAPI32.dll
0x00007ff8ef9f0000 - 0x00007ff8efa93000 	C:\WINDOWS\System32\msvcrt.dll
0x00007ff8f01c0000 - 0x00007ff8f025e000 	C:\WINDOWS\System32\sechost.dll
0x00007ff8f0090000 - 0x00007ff8f01b0000 	C:\WINDOWS\System32\RPCRT4.dll
0x00007ff8ee280000 - 0x00007ff8ee42c000 	C:\WINDOWS\System32\USER32.dll
0x00007ff8ee1e0000 - 0x00007ff8ee206000 	C:\WINDOWS\System32\win32u.dll
0x00007ff8ee4e0000 - 0x00007ff8ee509000 	C:\WINDOWS\System32\GDI32.dll
0x00007ff8edc50000 - 0x00007ff8edd62000 	C:\WINDOWS\System32\gdi32full.dll
0x00007ff8ee140000 - 0x00007ff8ee1dd000 	C:\WINDOWS\System32\msvcp_win.dll
0x00007ff8ee020000 - 0x00007ff8ee131000 	C:\WINDOWS\System32\ucrtbase.dll
0x00007ff8d47f0000 - 0x00007ff8d4a95000 	C:\WINDOWS\WinSxS\amd64_microsoft.windows.common-controls_6595b64144ccf1df_6.0.22000.120_none_9d947278b86cc467\COMCTL32.dll
0x00007ff8ee810000 - 0x00007ff8ee841000 	C:\WINDOWS\System32\IMM32.DLL
0x00000000650c0000 - 0x0000000065192000 	C:\Program Files\Java\jdk1.8.0_211\jre\bin\msvcr100.dll
0x0000000064810000 - 0x00000000650b5000 	C:\Program Files\Java\jdk1.8.0_211\jre\bin\server\jvm.dll
0x00007ff8eff20000 - 0x00007ff8eff28000 	C:\WINDOWS\System32\PSAPI.DLL
0x00007ff8e7b80000 - 0x00007ff8e7bb3000 	C:\WINDOWS\SYSTEM32\WINMM.dll
0x00007ff8e58d0000 - 0x00007ff8e58da000 	C:\WINDOWS\SYSTEM32\VERSION.dll
0x00007ff8d69b0000 - 0x00007ff8d69b9000 	C:\WINDOWS\SYSTEM32\WSOCK32.dll
0x00007ff8ee940000 - 0x00007ff8ee9af000 	C:\WINDOWS\System32\WS2_32.dll
0x00007ff8e02a0000 - 0x00007ff8e02af000 	C:\Program Files\Java\jdk1.8.0_211\jre\bin\verify.dll
0x00007ff8dbf30000 - 0x00007ff8dbf59000 	C:\Program Files\Java\jdk1.8.0_211\jre\bin\java.dll
0x00007ff8dbf10000 - 0x00007ff8dbf26000 	C:\Program Files\Java\jdk1.8.0_211\jre\bin\zip.dll
0x00007ff8eea70000 - 0x00007ff8ef21f000 	C:\WINDOWS\System32\SHELL32.dll
0x00007ff8eba00000 - 0x00007ff8ec268000 	C:\WINDOWS\SYSTEM32\windows.storage.dll
0x00007ff8ef470000 - 0x00007ff8ef7e8000 	C:\WINDOWS\System32\combase.dll
0x00007ff8eb890000 - 0x00007ff8eb9f6000 	C:\WINDOWS\SYSTEM32\wintypes.dll
0x00007ff8eff30000 - 0x00007ff8f001a000 	C:\WINDOWS\System32\SHCORE.dll
0x00007ff8ef7f0000 - 0x00007ff8ef84d000 	C:\WINDOWS\System32\shlwapi.dll
0x00007ff8ed800000 - 0x00007ff8ed821000 	C:\WINDOWS\SYSTEM32\profapi.dll
0x00007ff8dbef0000 - 0x00007ff8dbf0a000 	C:\Program Files\Java\jdk1.8.0_211\jre\bin\net.dll
0x00007ff8e7990000 - 0x00007ff8e7b7f000 	C:\WINDOWS\SYSTEM32\urlmon.dll
0x00007ff8e7690000 - 0x00007ff8e7943000 	C:\WINDOWS\SYSTEM32\iertutil.dll
0x00007ff8ec4b0000 - 0x00007ff8ec4bc000 	C:\WINDOWS\SYSTEM32\netutils.dll
0x00007ff8e7960000 - 0x00007ff8e7988000 	C:\WINDOWS\SYSTEM32\srvcli.dll
0x00007ff8ece00000 - 0x00007ff8ece67000 	C:\WINDOWS\system32\mswsock.dll
0x00007ff8dbed0000 - 0x00007ff8dbee2000 	C:\Program Files\Java\jdk1.8.0_211\jre\bin\nio.dll
0x00007ff8db4f0000 - 0x00007ff8db517000 	C:\Users\rebec\.gradle\native\49d0259a56938c7f99b2704e745ce422c4f750a7a20b539a32ccef96729676b1\windows-amd64\native-platform.dll
0x00007ff8c8c60000 - 0x00007ff8c8df6000 	C:\Users\rebec\.gradle\native\12488b8bf47d2d4c9fbf2f6322a914ad602e24e48041cd04a747c6da556b65c4\windows-amd64\native-platform-file-events.dll
0x00007ff8dd2d0000 - 0x00007ff8dd2da000 	C:\Users\rebec\.gradle\native\jansi\1.18\windows64\jansi.dll
0x00007ff8dbec0000 - 0x00007ff8dbecd000 	C:\Program Files\Java\jdk1.8.0_211\jre\bin\management.dll
0x00007ff8ed040000 - 0x00007ff8ed058000 	C:\WINDOWS\SYSTEM32\CRYPTSP.dll
0x00007ff8ec900000 - 0x00007ff8ec935000 	C:\WINDOWS\system32\rsaenh.dll
0x00007ff8ecef0000 - 0x00007ff8ecf19000 	C:\WINDOWS\SYSTEM32\USERENV.dll
0x00007ff8ed230000 - 0x00007ff8ed257000 	C:\WINDOWS\SYSTEM32\bcrypt.dll
0x00007ff8edee0000 - 0x00007ff8edf5f000 	C:\WINDOWS\System32\bcryptprimitives.dll
0x00007ff8ed060000 - 0x00007ff8ed06c000 	C:\WINDOWS\SYSTEM32\CRYPTBASE.dll
0x00007ff8ec4c0000 - 0x00007ff8ec4ed000 	C:\WINDOWS\SYSTEM32\IPHLPAPI.DLL
0x00007ff8f01b0000 - 0x00007ff8f01b9000 	C:\WINDOWS\System32\NSI.dll
0x00007ff8e61d0000 - 0x00007ff8e61e9000 	C:\WINDOWS\SYSTEM32\dhcpcsvc6.DLL
0x00007ff8e66d0000 - 0x00007ff8e66ee000 	C:\WINDOWS\SYSTEM32\dhcpcsvc.DLL
0x00007ff8ec530000 - 0x00007ff8ec618000 	C:\WINDOWS\SYSTEM32\DNSAPI.dll

VM Arguments:
jvm_args: -Xmx64m -Xms64m -Dorg.gradle.appname=gradlew 
java_command: org.gradle.wrapper.GradleWrapperMain app:installDebug -PreactNativeDevServerPort=8081
java_class_path (initial): C:\xampp\htdocs\TCC-unigran\mobile\android\\gradle\wrapper\gradle-wrapper.jar
Launcher Type: SUN_STANDARD

Environment Variables:
JAVA_HOME=C:\Program Files\Java\jdk1.8.0_211
CLASSPATH=C:\xampp\htdocs\TCC-unigran\mobile\android\\gradle\wrapper\gradle-wrapper.jar
PATH=C:\xampp\htdocs\TCC-unigran\mobile\android\node_modules\.bin;C:\xampp\htdocs\TCC-unigran\mobile\node_modules\.bin;C:\xampp\htdocs\TCC-unigran\node_modules\.bin;C:\xampp\htdocs\node_modules\.bin;C:\xampp\node_modules\.bin;C:\node_modules\.bin;C:\Program Files\nodejs;C:\Python27\;C:\Python27\Scripts;C:\Python39\Scripts\;C:\Python39\;C:\Program Files\Common Files\Oracle\Java\javapath;C:\Program Files\Java\zulu11.48.21-ca-jdk11.0.11-win_x64\bin;C:\WINDOWS\system32;C:\WINDOWS;C:\WINDOWS\System32\Wbem;C:\WINDOWS\System32\WindowsPowerShell\v1.0\;C:\WINDOWS\System32\OpenSSH\;C:\xampp\versao\php;C:\ProgramData\ComposerSetup\bin;C:\Program Files\PuTTY\;C:\ProgramData\chocolatey\bin;C:\xampp\versao\mysql\bin;C:\Program Files\Git\cmd;C:\Program Files\OpenJDK\openjdk-8u312-b07\bin;C:\Users\rebec\AppData\Local\Android\Sdk\platform-tools;C:\Users\rebec\AppData\Roaming\nvm;C:\Program Files\nodejs;C:\Program Files\OpenJDK\jdk-17.0.1\bin;C:\Users\rebec\AppData\Local\Android\Sdk;C:\Program Files\Java\jdk1.8.0_211\bin;C:\xampp\versao\php;C:\xampp\php;C:\Ruby27-x64\bin;C:\Users\rebec\AppData\Local\Microsoft\WindowsApps;C:\Users\rebec\AppData\Local\Programs\Microsoft VS Code\bin;C:\Users\rebec\AppData\Roaming\Composer\vendor\bin;C:\Program Files\MongoDB\Server\5.0\bin;C:\Users\rebec\AppData\Local\GitHubDesktop\bin;C:\Users\rebec\AppData\Roaming\npm;C:\Users\rebec\AppData\Roaming\nvm;C:\Program Files\nodejs;C:\xampp\php;
USERNAME=rebec
OS=Windows_NT
PROCESSOR_IDENTIFIER=AMD64 Family 23 Model 24 Stepping 1, AuthenticAMD



---------------  S Y S T E M  ---------------

OS: Windows 10.0 , 64 bit Build 22000 (10.0.22000.613)

CPU:total 8 (initial active 8) (8 cores per cpu, 1 threads per core) family 23 model 24 stepping 1, cmov, cx8, fxsr, mmx, sse, sse2, sse3, ssse3, sse4.1, sse4.2, popcnt, avx, avx2, aes, clmul, mmxext, 3dnowpref, lzcnt, sse4a, tsc, tscinvbit, tscinv, bmi1

Memory: 4k page, physical 3543304k(268112k free), swap 14553352k(592k free)

vm_info: Java HotSpot(TM) 64-Bit Server VM (25.211-b12) for windows-amd64 JRE (1.8.0_211-b12), built on Apr  1 2019 20:53:26 by "java_re" with MS VC++ 10.0 (VS2010)

time: Wed Apr 27 14:46:39 2022
timezone: Hora de Verão de GMT
elapsed time: 2 seconds (0d 0h 0m 2s)

