#
# There is insufficient memory for the Java Runtime Environment to continue.
# Native memory allocation (malloc) failed to allocate 32744 bytes for ChunkPool::allocate
# Possible reasons:
#   The system is out of physical RAM or swap space
#   The process is running with CompressedOops enabled, and the Java Heap may be blocking the growth of the native heap
# Possible solutions:
#   Reduce memory load on the system
#   Increase physical memory or swap space
#   Check if swap backing store is full
#   Decrease Java heap size (-Xmx/-Xms)
#   Decrease number of Java threads
#   Decrease Java thread stack sizes (-Xss)
#   Set larger code cache with -XX:ReservedCodeCacheSize=
#   JVM is running with Unscaled Compressed Oops mode in which the Java heap is
#     placed in the first 4GB address space. The Java Heap base address is the
#     maximum limit for the native heap growth. Please use -XX:HeapBaseMinAddress
#     to set the Java Heap base and to place the Java Heap above 4GB virtual address.
# This output file may be truncated or incomplete.
#
#  Out of Memory Error (allocation.cpp:272), pid=57456, tid=0x0000000000011a78
#
# JRE version: Java(TM) SE Runtime Environment (8.0_211-b12) (build 1.8.0_211-b12)
# Java VM: Java HotSpot(TM) 64-Bit Server VM (25.211-b12 mixed mode windows-amd64 compressed oops)
# Failed to write core dump. Minidumps are not enabled by default on client versions of Windows
#

---------------  T H R E A D  ---------------

Current thread (0x0000000017433000):  JavaThread "C2 CompilerThread1" daemon [_thread_in_native, id=72312, stack(0x0000000017e20000,0x0000000017f20000)]

Stack: [0x0000000017e20000,0x0000000017f20000]
[error occurred during error reporting (printing stack bounds), id 0xc0000005]

Native frames: (J=compiled Java code, j=interpreted, Vv=VM code, C=native code)


Current CompileTask:
C2:   3747 1645       4       org.jetbrains.kotlin.com.intellij.util.text.ByteArrayCharSequence::charAt (17 bytes)


---------------  P R O C E S S  ---------------

Java Threads: ( => current thread )
  0x00000000174cc800 JavaThread "Service Thread" daemon [_thread_blocked, id=75496, stack(0x0000000018120000,0x0000000018220000)]
  0x0000000017493800 JavaThread "C1 CompilerThread3" daemon [_thread_blocked, id=8556, stack(0x0000000018020000,0x0000000018120000)]
  0x0000000017451000 JavaThread "C2 CompilerThread2" daemon [_thread_in_native, id=59212, stack(0x0000000017f20000,0x0000000018020000)]
=>0x0000000017433000 JavaThread "C2 CompilerThread1" daemon [_thread_in_native, id=72312, stack(0x0000000017e20000,0x0000000017f20000)]
  0x0000000017430000 JavaThread "C2 CompilerThread0" daemon [_thread_blocked, id=70100, stack(0x0000000017d20000,0x0000000017e20000)]
  0x000000001742e800 JavaThread "Attach Listener" daemon [_thread_blocked, id=67528, stack(0x0000000017c20000,0x0000000017d20000)]
  0x000000001564e800 JavaThread "Signal Dispatcher" daemon [_thread_blocked, id=68208, stack(0x0000000017b20000,0x0000000017c20000)]
  0x0000000017420800 JavaThread "Finalizer" daemon [_thread_blocked, id=74164, stack(0x0000000017900000,0x0000000017a00000)]
  0x00000000030c9000 JavaThread "Reference Handler" daemon [_thread_blocked, id=3756, stack(0x0000000017800000,0x0000000017900000)]
  0x0000000002fd3800 JavaThread "main" [_thread_in_Java, id=69748, stack(0x0000000002e80000,0x0000000002f80000)]

Other Threads:
  0x0000000015638000 VMThread [stack: 0x0000000017300000,0x0000000017400000] [id=75148]
  0x00000000174de800 WatcherThread [stack: 0x0000000018390000,0x0000000018490000] [id=72764]

VM state:not at safepoint (normal execution)

VM Mutex/Monitor currently owned by a thread: None

heap address: 0x00000000c9e00000, size: 866 MB, Compressed Oops mode: 32-bit
Narrow klass base: 0x0000000000000000, Narrow klass shift: 3
Compressed class space size: 1073741824 Address: 0x0000000100000000

Heap:
 PSYoungGen      total 16896K, used 3306K [0x00000000edf80000, 0x00000000ef200000, 0x0000000100000000)
  eden space 14848K, 22% used [0x00000000edf80000,0x00000000ee2ba938,0x00000000eee00000)
  from space 2048K, 0% used [0x00000000ef000000,0x00000000ef000000,0x00000000ef200000)
  to   space 2048K, 0% used [0x00000000eee00000,0x00000000eee00000,0x00000000ef000000)
 ParOldGen       total 33792K, used 7909K [0x00000000c9e00000, 0x00000000cbf00000, 0x00000000edf80000)
  object space 33792K, 23% used [0x00000000c9e00000,0x00000000ca5b9540,0x00000000cbf00000)
 Metaspace       used 21779K, capacity 22275K, committed 22448K, reserved 1073152K
  class space    used 2647K, capacity 2760K, committed 2816K, reserved 1048576K

Card table byte_map: [0x0000000012490000,0x0000000012650000] byte_map_base: 0x0000000011e41000

Marking Bits: (ParMarkBitMap*) 0x000000006d5b5ce0
 Begin Bits: [0x0000000012f80000, 0x0000000013d08000)
 End Bits:   [0x0000000013d08000, 0x0000000014a90000)

Polling page: 0x0000000001620000

CodeCache: size=245760Kb used=5221Kb max_used=5221Kb free=240538Kb
 bounds [0x00000000030d0000, 0x00000000035f0000, 0x00000000120d0000]
 total_blobs=2069 nmethods=1650 adapters=332
 compilation: enabled

Compilation events (10 events):
Event: 3.741 Thread 0x0000000017493800 1641       3       java.lang.Byte::toUnsignedInt (6 bytes)
Event: 3.741 Thread 0x0000000017493800 nmethod 1641 0x00000000035e6d10 code [0x00000000035e6e60, 0x00000000035e6f90]
Event: 3.741 Thread 0x0000000017493800 1642       3       java.util.Objects::requireNonNull (15 bytes)
Event: 3.741 Thread 0x0000000017493800 nmethod 1642 0x00000000035e6890 code [0x00000000035e6a00, 0x00000000035e6c28]
Event: 3.741 Thread 0x0000000017493800 1643       3       org.jetbrains.kotlin.com.intellij.util.text.CharArrayUtil::regionMatches (83 bytes)
Event: 3.742 Thread 0x0000000017433000 1645       4       org.jetbrains.kotlin.com.intellij.util.text.ByteArrayCharSequence::charAt (17 bytes)
Event: 3.742 Thread 0x0000000017493800 nmethod 1643 0x00000000035e9790 code [0x00000000035e9960, 0x00000000035e9fa8]
Event: 3.742 Thread 0x0000000017493800 1644       1       java.util.zip.ZipFile::access$300 (5 bytes)
Event: 3.742 Thread 0x0000000017493800 nmethod 1644 0x00000000035e65d0 code [0x00000000035e6720, 0x00000000035e6810]
Event: 3.742 Thread 0x0000000017493800 1646       3       java.util.zip.ZipFile::access$1000 (6 bytes)

GC Heap History (10 events):
Event: 2.070 GC heap before
{Heap before GC invocations=3 (full 0):
 PSYoungGen      total 16896K, used 16866K [0x00000000edf80000, 0x00000000ef200000, 0x0000000100000000)
  eden space 14848K, 100% used [0x00000000edf80000,0x00000000eee00000,0x00000000eee00000)
  from space 2048K, 98% used [0x00000000ef000000,0x00000000ef1f8998,0x00000000ef200000)
  to   space 2048K, 0% used [0x00000000eee00000,0x00000000eee00000,0x00000000ef000000)
 ParOldGen       total 38400K, used 3886K [0x00000000c9e00000, 0x00000000cc380000, 0x00000000edf80000)
  object space 38400K, 10% used [0x00000000c9e00000,0x00000000ca1cb850,0x00000000cc380000)
 Metaspace       used 11460K, capacity 11666K, committed 11904K, reserved 1060864K
  class space    used 1269K, capacity 1349K, committed 1408K, reserved 1048576K
Event: 2.078 GC heap after
Heap after GC invocations=3 (full 0):
 PSYoungGen      total 16896K, used 2048K [0x00000000edf80000, 0x00000000ef200000, 0x0000000100000000)
  eden space 14848K, 0% used [0x00000000edf80000,0x00000000edf80000,0x00000000eee00000)
  from space 2048K, 100% used [0x00000000eee00000,0x00000000ef000000,0x00000000ef000000)
  to   space 2048K, 0% used [0x00000000ef000000,0x00000000ef000000,0x00000000ef200000)
 ParOldGen       total 38400K, used 7316K [0x00000000c9e00000, 0x00000000cc380000, 0x00000000edf80000)
  object space 38400K, 19% used [0x00000000c9e00000,0x00000000ca525228,0x00000000cc380000)
 Metaspace       used 11460K, capacity 11666K, committed 11904K, reserved 1060864K
  class space    used 1269K, capacity 1349K, committed 1408K, reserved 1048576K
}
Event: 2.602 GC heap before
{Heap before GC invocations=4 (full 0):
 PSYoungGen      total 16896K, used 16896K [0x00000000edf80000, 0x00000000ef200000, 0x0000000100000000)
  eden space 14848K, 100% used [0x00000000edf80000,0x00000000eee00000,0x00000000eee00000)
  from space 2048K, 100% used [0x00000000eee00000,0x00000000ef000000,0x00000000ef000000)
  to   space 2048K, 0% used [0x00000000ef000000,0x00000000ef000000,0x00000000ef200000)
 ParOldGen       total 38400K, used 7316K [0x00000000c9e00000, 0x00000000cc380000, 0x00000000edf80000)
  object space 38400K, 19% used [0x00000000c9e00000,0x00000000ca525228,0x00000000cc380000)
 Metaspace       used 14277K, capacity 14512K, committed 14592K, reserved 1062912K
  class space    used 1669K, capacity 1756K, committed 1792K, reserved 1048576K
Event: 2.610 GC heap after
Heap after GC invocations=4 (full 0):
 PSYoungGen      total 16896K, used 2032K [0x00000000edf80000, 0x00000000ef200000, 0x0000000100000000)
  eden space 14848K, 0% used [0x00000000edf80000,0x00000000edf80000,0x00000000eee00000)
  from space 2048K, 99% used [0x00000000ef000000,0x00000000ef1fc010,0x00000000ef200000)
  to   space 2048K, 0% used [0x00000000eee00000,0x00000000eee00000,0x00000000ef000000)
 ParOldGen       total 38400K, used 10771K [0x00000000c9e00000, 0x00000000cc380000, 0x00000000edf80000)
  object space 38400K, 28% used [0x00000000c9e00000,0x00000000ca884dc8,0x00000000cc380000)
 Metaspace       used 14277K, capacity 14512K, committed 14592K, reserved 1062912K
  class space    used 1669K, capacity 1756K, committed 1792K, reserved 1048576K
}
Event: 3.093 GC heap before
{Heap before GC invocations=5 (full 0):
 PSYoungGen      total 16896K, used 16880K [0x00000000edf80000, 0x00000000ef200000, 0x0000000100000000)
  eden space 14848K, 100% used [0x00000000edf80000,0x00000000eee00000,0x00000000eee00000)
  from space 2048K, 99% used [0x00000000ef000000,0x00000000ef1fc010,0x00000000ef200000)
  to   space 2048K, 0% used [0x00000000eee00000,0x00000000eee00000,0x00000000ef000000)
 ParOldGen       total 38400K, used 10771K [0x00000000c9e00000, 0x00000000cc380000, 0x00000000edf80000)
  object space 38400K, 28% used [0x00000000c9e00000,0x00000000ca884dc8,0x00000000cc380000)
 Metaspace       used 18107K, capacity 18476K, committed 18688K, reserved 1067008K
  class space    used 2142K, capacity 2246K, committed 2304K, reserved 1048576K
Event: 3.103 GC heap after
Heap after GC invocations=5 (full 0):
 PSYoungGen      total 16896K, used 2048K [0x00000000edf80000, 0x00000000ef200000, 0x0000000100000000)
  eden space 14848K, 0% used [0x00000000edf80000,0x00000000edf80000,0x00000000eee00000)
  from space 2048K, 100% used [0x00000000eee00000,0x00000000ef000000,0x00000000ef000000)
  to   space 2048K, 0% used [0x00000000ef000000,0x00000000ef000000,0x00000000ef200000)
 ParOldGen       total 38400K, used 14123K [0x00000000c9e00000, 0x00000000cc380000, 0x00000000edf80000)
  object space 38400K, 36% used [0x00000000c9e00000,0x00000000cabcaca8,0x00000000cc380000)
 Metaspace       used 18107K, capacity 18476K, committed 18688K, reserved 1067008K
  class space    used 2142K, capacity 2246K, committed 2304K, reserved 1048576K
}
Event: 3.500 GC heap before
{Heap before GC invocations=6 (full 0):
 PSYoungGen      total 16896K, used 12997K [0x00000000edf80000, 0x00000000ef200000, 0x0000000100000000)
  eden space 14848K, 73% used [0x00000000edf80000,0x00000000eea316e8,0x00000000eee00000)
  from space 2048K, 100% used [0x00000000eee00000,0x00000000ef000000,0x00000000ef000000)
  to   space 2048K, 0% used [0x00000000ef000000,0x00000000ef000000,0x00000000ef200000)
 ParOldGen       total 38400K, used 14123K [0x00000000c9e00000, 0x00000000cc380000, 0x00000000edf80000)
  object space 38400K, 36% used [0x00000000c9e00000,0x00000000cabcaca8,0x00000000cc380000)
 Metaspace       used 20751K, capacity 21137K, committed 21296K, reserved 1071104K
  class space    used 2489K, capacity 2619K, committed 2688K, reserved 1048576K
Event: 3.507 GC heap after
Heap after GC invocations=6 (full 0):
 PSYoungGen      total 16896K, used 2048K [0x00000000edf80000, 0x00000000ef200000, 0x0000000100000000)
  eden space 14848K, 0% used [0x00000000edf80000,0x00000000edf80000,0x00000000eee00000)
  from space 2048K, 100% used [0x00000000ef000000,0x00000000ef200000,0x00000000ef200000)
  to   space 2048K, 0% used [0x00000000eee00000,0x00000000eee00000,0x00000000ef000000)
 ParOldGen       total 38400K, used 16756K [0x00000000c9e00000, 0x00000000cc380000, 0x00000000edf80000)
  object space 38400K, 43% used [0x00000000c9e00000,0x00000000cae5d2d8,0x00000000cc380000)
 Metaspace       used 20751K, capacity 21137K, committed 21296K, reserved 1071104K
  class space    used 2489K, capacity 2619K, committed 2688K, reserved 1048576K
}
Event: 3.507 GC heap before
{Heap before GC invocations=7 (full 1):
 PSYoungGen      total 16896K, used 2048K [0x00000000edf80000, 0x00000000ef200000, 0x0000000100000000)
  eden space 14848K, 0% used [0x00000000edf80000,0x00000000edf80000,0x00000000eee00000)
  from space 2048K, 100% used [0x00000000ef000000,0x00000000ef200000,0x00000000ef200000)
  to   space 2048K, 0% used [0x00000000eee00000,0x00000000eee00000,0x00000000ef000000)
 ParOldGen       total 38400K, used 16756K [0x00000000c9e00000, 0x00000000cc380000, 0x00000000edf80000)
  object space 38400K, 43% used [0x00000000c9e00000,0x00000000cae5d2d8,0x00000000cc380000)
 Metaspace       used 20751K, capacity 21137K, committed 21296K, reserved 1071104K
  class space    used 2489K, capacity 2619K, committed 2688K, reserved 1048576K
Event: 3.549 GC heap after
Heap after GC invocations=7 (full 1):
 PSYoungGen      total 16896K, used 0K [0x00000000edf80000, 0x00000000ef200000, 0x0000000100000000)
  eden space 14848K, 0% used [0x00000000edf80000,0x00000000edf80000,0x00000000eee00000)
  from space 2048K, 0% used [0x00000000ef000000,0x00000000ef000000,0x00000000ef200000)
  to   space 2048K, 0% used [0x00000000eee00000,0x00000000eee00000,0x00000000ef000000)
 ParOldGen       total 33792K, used 7909K [0x00000000c9e00000, 0x00000000cbf00000, 0x00000000edf80000)
  object space 33792K, 23% used [0x00000000c9e00000,0x00000000ca5b9540,0x00000000cbf00000)
 Metaspace       used 20751K, capacity 21137K, committed 21296K, reserved 1071104K
  class space    used 2489K, capacity 2619K, committed 2688K, reserved 1048576K
}

Deoptimization events (10 events):
Event: 3.115 Thread 0x0000000002fd3800 Uncommon trap: reason=unstable_if action=reinterpret pc=0x00000000035290dc method=sun.reflect.annotation.AnnotationInvocationHandler.invoke(Ljava/lang/Object;Ljava/lang/reflect/Method;[Ljava/lang/Object;)Ljava/lang/Object; @ 255
Event: 3.330 Thread 0x0000000002fd3800 Uncommon trap: reason=class_check action=maybe_recompile pc=0x0000000003476600 method=java.util.Collections$UnmodifiableCollection.size()I @ 4
Event: 3.330 Thread 0x0000000002fd3800 Uncommon trap: reason=class_check action=maybe_recompile pc=0x00000000034790ac method=java.util.Collections$UnmodifiableList.get(I)Ljava/lang/Object; @ 5
Event: 3.330 Thread 0x0000000002fd3800 Uncommon trap: reason=class_check action=maybe_recompile pc=0x00000000034790ac method=java.util.Collections$UnmodifiableList.get(I)Ljava/lang/Object; @ 5
Event: 3.335 Thread 0x0000000002fd3800 Uncommon trap: reason=class_check action=maybe_recompile pc=0x0000000003476600 method=java.util.Collections$UnmodifiableCollection.size()I @ 4
Event: 3.335 Thread 0x0000000002fd3800 Uncommon trap: reason=class_check action=maybe_recompile pc=0x00000000034790ac method=java.util.Collections$UnmodifiableList.get(I)Ljava/lang/Object; @ 5
Event: 3.335 Thread 0x0000000002fd3800 Uncommon trap: reason=class_check action=maybe_recompile pc=0x00000000034790ac method=java.util.Collections$UnmodifiableList.get(I)Ljava/lang/Object; @ 5
Event: 3.338 Thread 0x0000000002fd3800 Uncommon trap: reason=unstable_if action=reinterpret pc=0x0000000003267078 method=java.lang.String.startsWith(Ljava/lang/String;I)Z @ 25
Event: 3.468 Thread 0x0000000002fd3800 Uncommon trap: reason=unstable_if action=reinterpret pc=0x0000000003368e9c method=sun.misc.MetaIndex.mayContain(Ljava/lang/String;)Z @ 38
Event: 3.471 Thread 0x0000000002fd3800 Uncommon trap: reason=unstable_if action=reinterpret pc=0x0000000003326838 method=sun.misc.MetaIndex.mayContain(Ljava/lang/String;)Z @ 38

Classes redefined (0 events):
No events

Internal exceptions (10 events):
Event: 1.114 Thread 0x0000000002fd3800 Exception <a 'java/security/PrivilegedActionException'> (0x00000000ee0fecc8) thrown at [C:\re\workspace\8-2-build-windows-amd64-cygwin\jdk8u211\12973\hotspot\src\share\vm\prims\jvm.cpp, line 1502]
Event: 1.116 Thread 0x0000000002fd3800 Exception <a 'java/security/PrivilegedActionException'> (0x00000000ee103190) thrown at [C:\re\workspace\8-2-build-windows-amd64-cygwin\jdk8u211\12973\hotspot\src\share\vm\prims\jvm.cpp, line 1502]
Event: 1.116 Thread 0x0000000002fd3800 Exception <a 'java/security/PrivilegedActionException'> (0x00000000ee103588) thrown at [C:\re\workspace\8-2-build-windows-amd64-cygwin\jdk8u211\12973\hotspot\src\share\vm\prims\jvm.cpp, line 1502]
Event: 1.622 Thread 0x0000000002fd3800 Exception <a 'java/lang/ArrayIndexOutOfBoundsException'> (0x00000000ee001720) thrown at [C:\re\workspace\8-2-build-windows-amd64-cygwin\jdk8u211\12973\hotspot\src\share\vm\runtime\sharedRuntime.cpp, line 605]
Event: 1.938 Thread 0x0000000002fd3800 Exception <a 'java/lang/ArrayIndexOutOfBoundsException'> (0x00000000ee98b6c0) thrown at [C:\re\workspace\8-2-build-windows-amd64-cygwin\jdk8u211\12973\hotspot\src\share\vm\runtime\sharedRuntime.cpp, line 605]
Event: 2.881 Thread 0x0000000002fd3800 Exception <a 'java/lang/NoSuchMethodError': java.lang.Object.lambda$comparing$77a9974f$1(Ljava/util/function/Function;Ljava/lang/Object;Ljava/lang/Object;)I> (0x00000000ee8b1440) thrown at [C:\re\workspace\8-2-build-windows-amd64-cygwin\jdk8u211\12973\hot
Event: 2.912 Thread 0x0000000002fd3800 Exception <a 'java/lang/NoSuchMethodError': java.lang.Object.lambda$static$0()J> (0x00000000ee9b4ed0) thrown at [C:\re\workspace\8-2-build-windows-amd64-cygwin\jdk8u211\12973\hotspot\src\share\vm\interpreter\linkResolver.cpp, line 620]
Event: 3.213 Thread 0x0000000002fd3800 Exception <a 'java/lang/NoSuchMethodError': java.lang.Object.lambda$static$0(I)[Lorg/jetbrains/kotlin/com/intellij/openapi/editor/event/DocumentListener;> (0x00000000ee28ca20) thrown at [C:\re\workspace\8-2-build-windows-amd64-cygwin\jdk8u211\12973\hotspo
Event: 3.285 Thread 0x0000000002fd3800 Exception <a 'java/lang/NoSuchMethodError': java.lang.Object.lambda$static$0(I)[Lorg/jetbrains/kotlin/com/intellij/psi/PsiAnnotation;> (0x00000000ee4aa2a0) thrown at [C:\re\workspace\8-2-build-windows-amd64-cygwin\jdk8u211\12973\hotspot\src\share\vm\inter
Event: 3.441 Thread 0x0000000002fd3800 Exception <a 'java/lang/NoSuchMethodError': java.lang.Object.lambda$static$0(I)[Lorg/jetbrains/kotlin/com/intellij/psi/PsiElement;> (0x00000000ee90e9d8) thrown at [C:\re\workspace\8-2-build-windows-amd64-cygwin\jdk8u211\12973\hotspot\src\share\vm\interpre

Events (10 events):
Event: 3.728 loading class org/jetbrains/kotlin/com/intellij/util/Function
Event: 3.728 loading class org/jetbrains/kotlin/com/intellij/util/Function done
Event: 3.729 loading class gnu/trove/THashMap$EntryView$EntryIterator
Event: 3.729 loading class gnu/trove/THashMap$EntryView$EntryIterator done
Event: 3.730 loading class gnu/trove/THashMap$Entry
Event: 3.730 loading class gnu/trove/THashMap$Entry done
Event: 3.730 loading class java/util/AbstractMap$SimpleEntry
Event: 3.732 loading class java/util/AbstractMap$SimpleEntry done
Event: 3.740 loading class java/util/zip/ZipUtils
Event: 3.740 loading class java/util/zip/ZipUtils done


Dynamic libraries:
0x00007ff759ed0000 - 0x00007ff759f07000 	C:\Program Files\Java\jdk1.8.0_211\jre\bin\java.exe
0x00007ffc2c7c0000 - 0x00007ffc2c9c9000 	C:\WINDOWS\SYSTEM32\ntdll.dll
0x00007ffc2af60000 - 0x00007ffc2b01d000 	C:\WINDOWS\System32\KERNEL32.DLL
0x00007ffc29f60000 - 0x00007ffc2a2d4000 	C:\WINDOWS\System32\KERNELBASE.dll
0x00007ffc2abb0000 - 0x00007ffc2ac5e000 	C:\WINDOWS\System32\ADVAPI32.dll
0x00007ffc2c6d0000 - 0x00007ffc2c773000 	C:\WINDOWS\System32\msvcrt.dll
0x00007ffc2a8d0000 - 0x00007ffc2a96e000 	C:\WINDOWS\System32\sechost.dll
0x00007ffc2acd0000 - 0x00007ffc2adf0000 	C:\WINDOWS\System32\RPCRT4.dll
0x00007ffc2c430000 - 0x00007ffc2c5dc000 	C:\WINDOWS\System32\USER32.dll
0x00007ffc2a400000 - 0x00007ffc2a426000 	C:\WINDOWS\System32\win32u.dll
0x00007ffc2a9d0000 - 0x00007ffc2a9f9000 	C:\WINDOWS\System32\GDI32.dll
0x00007ffc2a2e0000 - 0x00007ffc2a3f2000 	C:\WINDOWS\System32\gdi32full.dll
0x00007ffc29d30000 - 0x00007ffc29dcd000 	C:\WINDOWS\System32\msvcp_win.dll
0x00007ffc29dd0000 - 0x00007ffc29ee1000 	C:\WINDOWS\System32\ucrtbase.dll
0x00007ffc0eed0000 - 0x00007ffc0f175000 	C:\WINDOWS\WinSxS\amd64_microsoft.windows.common-controls_6595b64144ccf1df_6.0.22000.120_none_9d947278b86cc467\COMCTL32.dll
0x00007ffc2ba00000 - 0x00007ffc2ba31000 	C:\WINDOWS\System32\IMM32.DLL
0x000000006d640000 - 0x000000006d712000 	C:\Program Files\Java\jdk1.8.0_211\jre\bin\msvcr100.dll
0x000000006cd90000 - 0x000000006d635000 	C:\Program Files\Java\jdk1.8.0_211\jre\bin\server\jvm.dll
0x00007ffc2b490000 - 0x00007ffc2b498000 	C:\WINDOWS\System32\PSAPI.DLL
0x00007ffc24500000 - 0x00007ffc24533000 	C:\WINDOWS\SYSTEM32\WINMM.dll
0x00007ffc25090000 - 0x00007ffc25099000 	C:\WINDOWS\SYSTEM32\WSOCK32.dll
0x00007ffc221c0000 - 0x00007ffc221ca000 	C:\WINDOWS\SYSTEM32\VERSION.dll
0x00007ffc2a800000 - 0x00007ffc2a86f000 	C:\WINDOWS\System32\WS2_32.dll
0x00007ffc1a010000 - 0x00007ffc1a01f000 	C:\Program Files\Java\jdk1.8.0_211\jre\bin\verify.dll
0x00007ffc19290000 - 0x00007ffc192b9000 	C:\Program Files\Java\jdk1.8.0_211\jre\bin\java.dll
0x00007ffc19520000 - 0x00007ffc19536000 	C:\Program Files\Java\jdk1.8.0_211\jre\bin\zip.dll
0x00007ffc2bc80000 - 0x00007ffc2c42e000 	C:\WINDOWS\System32\SHELL32.dll
0x00007ffc27de0000 - 0x00007ffc28647000 	C:\WINDOWS\SYSTEM32\windows.storage.dll
0x00007ffc2b4a0000 - 0x00007ffc2b818000 	C:\WINDOWS\System32\combase.dll
0x00007ffc27c70000 - 0x00007ffc27dd6000 	C:\WINDOWS\SYSTEM32\wintypes.dll
0x00007ffc2c5e0000 - 0x00007ffc2c6ca000 	C:\WINDOWS\System32\SHCORE.dll
0x00007ffc2a970000 - 0x00007ffc2a9cd000 	C:\WINDOWS\System32\shlwapi.dll
0x00007ffc29be0000 - 0x00007ffc29c01000 	C:\WINDOWS\SYSTEM32\profapi.dll
0x00007ffc188d0000 - 0x00007ffc188ea000 	C:\Program Files\Java\jdk1.8.0_211\jre\bin\net.dll
0x00007ffc23df0000 - 0x00007ffc23fde000 	C:\WINDOWS\SYSTEM32\urlmon.dll
0x00007ffc244a0000 - 0x00007ffc244c8000 	C:\WINDOWS\SYSTEM32\srvcli.dll
0x00007ffc28890000 - 0x00007ffc2889c000 	C:\WINDOWS\SYSTEM32\netutils.dll
0x00007ffc235a0000 - 0x00007ffc23852000 	C:\WINDOWS\SYSTEM32\iertutil.dll
0x00007ffc291e0000 - 0x00007ffc29247000 	C:\WINDOWS\system32\mswsock.dll
0x00007ffc14730000 - 0x00007ffc14742000 	C:\Program Files\Java\jdk1.8.0_211\jre\bin\nio.dll

VM Arguments:
java_command: org.jetbrains.kotlin.cli.jvm.K2JVMCompiler @C:\xampp\htdocs\TCC-unigran\mobile\node_modules\react-native-screens\android\build\20220216_6822757469909571422.compiler.options
java_class_path (initial): C:\Users\rebec\.gradle\caches\modules-2\files-2.1\org.jetbrains.kotlin\kotlin-compiler-embeddable\1.4.10\38c4b99d5d5362debdd9302a866730379aa2328a\kotlin-compiler-embeddable-1.4.10.jar;C:\Users\rebec\.gradle\caches\modules-2\files-2.1\org.jetbrains.kotlin\kotlin-reflect\1.4.10\e2b3c6695eee6085e606d96d685396dce23a3a06\kotlin-reflect-1.4.10.jar;C:\Users\rebec\.gradle\caches\modules-2\files-2.1\org.jetbrains.kotlin\kotlin-stdlib\1.4.10\ea29e063d2bbe695be13e9d044dcfb0c7add398e\kotlin-stdlib-1.4.10.jar;C:\Users\rebec\.gradle\caches\modules-2\files-2.1\org.jetbrains.kotlin\kotlin-script-runtime\1.4.10\7c19d9c2001e016cd7664cebe9eea66fc04a7f4f\kotlin-script-runtime-1.4.10.jar;C:\Users\rebec\.gradle\caches\modules-2\files-2.1\org.jetbrains.kotlin\kotlin-daemon-embeddable\1.4.10\dbd67f42bed28043d17d7c860b06110a00a45970\kotlin-daemon-embeddable-1.4.10.jar;C:\Users\rebec\.gradle\caches\modules-2\files-2.1\org.jetbrains.intellij.deps\trove4j\1.0.20181211\216c2e14b070f334479d800987affe4054cd563f\trove4j-1.0.20181211.jar;C:\Users\rebec\.gradle\caches\modules-2\files-2.1\org.jetbrains.kotlin\kotlin-stdlib-common\1.4.10\6229be3465805c99db1142ad75e6c6ddeac0b04c\kotlin-stdlib-common-1.4.10.jar;C:\Users\rebec\.gradle\caches\modules-2\files-2.1\org.jetbrains\annotations\13.0\919f0dfe192fb4e063e7dacadee7f8bb9a2672a9\annotations-13.0.jar;C:\Program Files\Java\jdk1.8.0_211\lib\tools.jar
Launcher Type: SUN_STANDARD

Environment Variables:
JAVA_HOME=C:\Program Files\Java\jdk1.8.0_211
CLASSPATH=C:\xampp\htdocs\TCC-unigran\mobile\android\\gradle\wrapper\gradle-wrapper.jar
PATH=C:\xampp\htdocs\TCC-unigran\mobile\android\node_modules\.bin;C:\xampp\htdocs\TCC-unigran\mobile\node_modules\.bin;C:\xampp\htdocs\TCC-unigran\node_modules\.bin;C:\xampp\htdocs\node_modules\.bin;C:\xampp\node_modules\.bin;C:\node_modules\.bin;C:\Program Files\nodejs;C:\xampp\htdocs\TCC-unigran\mobile\node_modules\.bin;C:\xampp\htdocs\TCC-unigran\node_modules\.bin;C:\xampp\htdocs\node_modules\.bin;C:\xampp\node_modules\.bin;C:\node_modules\.bin;C:\Users\rebec\AppData\Roaming\nvm\v16.13.0\node_modules\npm\node_modules\@npmcli\run-script\lib\node-gyp-bin;C:\Python27\;C:\Python27\Scripts;C:\Python39\Scripts\;C:\Python39\;C:\Program Files\Common Files\Oracle\Java\javapath;C:\Program Files\Java\zulu11.48.21-ca-jdk11.0.11-win_x64\bin;C:\WINDOWS\system32;C:\WINDOWS;C:\WINDOWS\System32\Wbem;C:\WINDOWS\System32\WindowsPowerShell\v1.0\;C:\WINDOWS\System32\OpenSSH\;C:\xampp\versao\php;C:\ProgramData\ComposerSetup\bin;C:\Program Files\PuTTY\;C:\ProgramData\chocolatey\bin;C:\xampp\versao\mysql\bin;C:\Program Files\Git\cmd;C:\Program Files\OpenJDK\openjdk-8u312-b07\bin;C:\Users\rebec\AppData\Local\Android\Sdk\platform-tools;C:\Users\rebec\AppData\Roaming\nvm;C:\Program Files\nodejs;C:\Program Files\OpenJDK\jdk-17.0.1\bin;C:\Users\rebec\AppData\Local\Android\Sdk;C:\Program Files\Java\jdk1.8.0_211\bin;C:\xampp\versao\php;C:\xampp\php;C:\Ruby27-x64\bin;C:\Users\rebec\AppData\Local\Microsoft\WindowsApps;C:\Users\rebec\AppData\Local\Programs\Microsoft VS Code\bin;C:\Users\rebec\AppData\Roaming\Composer\vendor\bin;C:\Program Files\MongoDB\Server\5.0\bin;C:\Users\rebec\AppData\Local\GitHubDesktop\bin;C:\Users\rebec\AppData\Roaming\npm;C:\Users\rebec\AppData\Roaming\nvm;C:\Program Files\nodejs;C:\xampp\php;;C:\xampp\htdocs\TCC-unigran\mobile\node_modules\.bin
USERNAME=rebec
OS=Windows_NT
PROCESSOR_IDENTIFIER=AMD64 Family 23 Model 24 Stepping 1, AuthenticAMD



---------------  S Y S T E M  ---------------

OS: Windows 10.0 , 64 bit Build 22000 (10.0.22000.434)

CPU:total 8 (initial active 8) (8 cores per cpu, 1 threads per core) family 23 model 24 stepping 1, cmov, cx8, fxsr, mmx, sse, sse2, sse3, ssse3, sse4.1, sse4.2, popcnt, avx, avx2, aes, clmul, mmxext, 3dnowpref, lzcnt, sse4a, tsc, tscinvbit, tscinv, bmi1

Memory: 4k page, physical 3543304k(225752k free), swap 14553352k(8k free)

vm_info: Java HotSpot(TM) 64-Bit Server VM (25.211-b12) for windows-amd64 JRE (1.8.0_211-b12), built on Apr  1 2019 20:53:26 by "java_re" with MS VC++ 10.0 (VS2010)

time: Wed Feb 16 14:36:49 2022
timezone: Hora Universal Coordenada
elapsed time: 3 seconds (0d 0h 0m 3s)

