#
# There is insufficient memory for the Java Runtime Environment to continue.
# Native memory allocation (malloc) failed to allocate 691056 bytes for Chunk::new
# Possible reasons:
#   The system is out of physical RAM or swap space
#   The process is running with CompressedOops enabled, and the Java Heap may be blocking the growth of the native heap
# Possible solutions:
#   Reduce memory load on the system
#   Increase physical memory or swap space
#   Check if swap backing store is full
#   Decrease Java heap size (-Xmx/-Xms)
#   Decrease number of Java threads
#   Decrease Java thread stack sizes (-Xss)
#   Set larger code cache with -XX:ReservedCodeCacheSize=
#   JVM is running with Unscaled Compressed Oops mode in which the Java heap is
#     placed in the first 4GB address space. The Java Heap base address is the
#     maximum limit for the native heap growth. Please use -XX:HeapBaseMinAddress
#     to set the Java Heap base and to place the Java Heap above 4GB virtual address.
# This output file may be truncated or incomplete.
#
#  Out of Memory Error (allocation.cpp:389), pid=71248, tid=0x00000000000094b4
#
# JRE version: Java(TM) SE Runtime Environment (8.0_211-b12) (build 1.8.0_211-b12)
# Java VM: Java HotSpot(TM) 64-Bit Server VM (25.211-b12 mixed mode windows-amd64 compressed oops)
# Failed to write core dump. Minidumps are not enabled by default on client versions of Windows
#

---------------  T H R E A D  ---------------

Current thread (0x0000000016b63000):  JavaThread "C2 CompilerThread1" daemon [_thread_in_native, id=38068, stack(0x0000000017550000,0x0000000017650000)]

Stack: [0x0000000017550000,0x0000000017650000]
[error occurred during error reporting (printing stack bounds), id 0xc0000005]

Native frames: (J=compiled Java code, j=interpreted, Vv=VM code, C=native code)


Current CompileTask:
C2:  19361 7633       4       org.jetbrains.kotlin.load.kotlin.TypeSignatureMappingKt::mapType (966 bytes)


---------------  P R O C E S S  ---------------

Java Threads: ( => current thread )
  0x0000000016bed000 JavaThread "Service Thread" daemon [_thread_blocked, id=69760, stack(0x0000000017850000,0x0000000017950000)]
  0x0000000016b72000 JavaThread "C1 CompilerThread3" daemon [_thread_blocked, id=72448, stack(0x0000000017750000,0x0000000017850000)]
  0x0000000016b69000 JavaThread "C2 CompilerThread2" daemon [_thread_in_native, id=75096, stack(0x0000000017650000,0x0000000017750000)]
=>0x0000000016b63000 JavaThread "C2 CompilerThread1" daemon [_thread_in_native, id=38068, stack(0x0000000017550000,0x0000000017650000)]
  0x0000000016b60000 JavaThread "C2 CompilerThread0" daemon [_thread_in_native, id=62380, stack(0x0000000017450000,0x0000000017550000)]
  0x0000000016b5e800 JavaThread "Attach Listener" daemon [_thread_blocked, id=25640, stack(0x0000000017350000,0x0000000017450000)]
  0x0000000016b5d000 JavaThread "Signal Dispatcher" daemon [_thread_blocked, id=62728, stack(0x0000000017250000,0x0000000017350000)]
  0x0000000016b51000 JavaThread "Finalizer" daemon [_thread_blocked, id=73644, stack(0x0000000017030000,0x0000000017130000)]
  0x0000000016b50800 JavaThread "Reference Handler" daemon [_thread_blocked, id=75576, stack(0x0000000016f30000,0x0000000017030000)]
  0x00000000026e3800 JavaThread "main" [_thread_in_Java, id=75308, stack(0x00000000024f0000,0x00000000025f0000)]

Other Threads:
  0x0000000014d47800 VMThread [stack: 0x0000000016a30000,0x0000000016b30000] [id=6608]
  0x0000000016c17800 WatcherThread [stack: 0x0000000017ac0000,0x0000000017bc0000] [id=23440]

VM state:not at safepoint (normal execution)

VM Mutex/Monitor currently owned by a thread: None

heap address: 0x00000000c9e00000, size: 866 MB, Compressed Oops mode: 32-bit
Narrow klass base: 0x0000000000000000, Narrow klass shift: 3
Compressed class space size: 1073741824 Address: 0x0000000100000000

Heap:
 PSYoungGen      total 96768K, used 82535K [0x00000000edf80000, 0x00000000f5500000, 0x0000000100000000)
  eden space 76288K, 81% used [0x00000000edf80000,0x00000000f1c1bbd8,0x00000000f2a00000)
  from space 20480K, 99% used [0x00000000f2a00000,0x00000000f3dfe260,0x00000000f3e00000)
  to   space 16896K, 0% used [0x00000000f3e00000,0x00000000f3e00000,0x00000000f4e80000)
 ParOldGen       total 62464K, used 30499K [0x00000000c9e00000, 0x00000000cdb00000, 0x00000000edf80000)
  object space 62464K, 48% used [0x00000000c9e00000,0x00000000cbbc8d30,0x00000000cdb00000)
 Metaspace       used 48765K, capacity 49656K, committed 49920K, reserved 1093632K
  class space    used 5850K, capacity 6047K, committed 6144K, reserved 1048576K

Card table byte_map: [0x0000000011ba0000,0x0000000011d60000] byte_map_base: 0x0000000011551000

Marking Bits: (ParMarkBitMap*) 0x000000006d5b5ce0
 Begin Bits: [0x0000000012690000, 0x0000000013418000)
 End Bits:   [0x0000000013418000, 0x00000000141a0000)

Polling page: 0x0000000000c60000

CodeCache: size=245760Kb used=28770Kb max_used=28770Kb free=216989Kb
 bounds [0x00000000027e0000, 0x0000000004420000, 0x00000000117e0000]
 total_blobs=7466 nmethods=6991 adapters=387
 compilation: enabled

Compilation events (10 events):
Event: 19.308 Thread 0x0000000016b72000 7833       1       org.jetbrains.kotlin.descriptors.impl.ValueParameterDescriptorImpl::isVar (2 bytes)
Event: 19.308 Thread 0x0000000016b72000 nmethod 7833 0x0000000004406550 code [0x00000000044066a0, 0x00000000044067b0]
Event: 19.309 Thread 0x0000000016b72000 7834       3       org.jetbrains.kotlin.resolve.calls.smartcasts.DataFlowInfoImpl::getCollectedTypes (198 bytes)
Event: 19.311 Thread 0x0000000016b72000 nmethod 7834 0x0000000004406810 code [0x0000000004406c20, 0x0000000004408c28]
Event: 19.313 Thread 0x0000000016b72000 7835       3       org.jetbrains.kotlin.com.intellij.openapi.util.SimpleModificationTracker::incModificationCount (9 bytes)
Event: 19.313 Thread 0x0000000016b72000 nmethod 7835 0x000000000440a2d0 code [0x000000000440a460, 0x000000000440a908]
Event: 19.314 Thread 0x0000000016b72000 7836       3       org.jetbrains.kotlin.util.LookupTrackerUtilKt::record (250 bytes)
Event: 19.317 Thread 0x0000000016b72000 nmethod 7836 0x000000000440aa90 code [0x000000000440b0c0, 0x000000000440e758]
Event: 19.321 Thread 0x0000000016b72000 7837       1       org.jetbrains.kotlin.resolve.calls.model.KotlinCallComponents::getSamConversionOracle (5 bytes)
Event: 19.322 Thread 0x0000000016b72000 nmethod 7837 0x0000000004410ad0 code [0x0000000004410c20, 0x0000000004410d30]

GC Heap History (10 events):
Event: 7.679 GC heap before
{Heap before GC invocations=9 (full 1):
 PSYoungGen      total 66048K, used 26167K [0x00000000edf80000, 0x00000000f3a00000, 0x0000000100000000)
  eden space 57344K, 30% used [0x00000000edf80000,0x00000000ef095340,0x00000000f1780000)
  from space 8704K, 99% used [0x00000000f1780000,0x00000000f1ff8c70,0x00000000f2000000)
  to   space 13824K, 0% used [0x00000000f2c80000,0x00000000f2c80000,0x00000000f3a00000)
 ParOldGen       total 39424K, used 18543K [0x00000000c9e00000, 0x00000000cc480000, 0x00000000edf80000)
  object space 39424K, 47% used [0x00000000c9e00000,0x00000000cb01bfe8,0x00000000cc480000)
 Metaspace       used 34808K, capacity 35298K, committed 35496K, reserved 1081344K
  class space    used 4460K, capacity 4606K, committed 4608K, reserved 1048576K
Event: 7.695 GC heap after
Heap after GC invocations=9 (full 1):
 PSYoungGen      total 76800K, used 13149K [0x00000000edf80000, 0x00000000f5180000, 0x0000000100000000)
  eden space 62976K, 0% used [0x00000000edf80000,0x00000000edf80000,0x00000000f1d00000)
  from space 13824K, 95% used [0x00000000f2c80000,0x00000000f3957410,0x00000000f3a00000)
  to   space 15872K, 0% used [0x00000000f1d00000,0x00000000f1d00000,0x00000000f2c80000)
 ParOldGen       total 39424K, used 18551K [0x00000000c9e00000, 0x00000000cc480000, 0x00000000edf80000)
  object space 39424K, 47% used [0x00000000c9e00000,0x00000000cb01dfe8,0x00000000cc480000)
 Metaspace       used 34808K, capacity 35298K, committed 35496K, reserved 1081344K
  class space    used 4460K, capacity 4606K, committed 4608K, reserved 1048576K
}
Event: 7.695 GC heap before
{Heap before GC invocations=10 (full 2):
 PSYoungGen      total 76800K, used 13149K [0x00000000edf80000, 0x00000000f5180000, 0x0000000100000000)
  eden space 62976K, 0% used [0x00000000edf80000,0x00000000edf80000,0x00000000f1d00000)
  from space 13824K, 95% used [0x00000000f2c80000,0x00000000f3957410,0x00000000f3a00000)
  to   space 15872K, 0% used [0x00000000f1d00000,0x00000000f1d00000,0x00000000f2c80000)
 ParOldGen       total 39424K, used 18551K [0x00000000c9e00000, 0x00000000cc480000, 0x00000000edf80000)
  object space 39424K, 47% used [0x00000000c9e00000,0x00000000cb01dfe8,0x00000000cc480000)
 Metaspace       used 34808K, capacity 35298K, committed 35496K, reserved 1081344K
  class space    used 4460K, capacity 4606K, committed 4608K, reserved 1048576K
Event: 7.774 GC heap after
Heap after GC invocations=10 (full 2):
 PSYoungGen      total 76800K, used 0K [0x00000000edf80000, 0x00000000f5180000, 0x0000000100000000)
  eden space 62976K, 0% used [0x00000000edf80000,0x00000000edf80000,0x00000000f1d00000)
  from space 13824K, 0% used [0x00000000f2c80000,0x00000000f2c80000,0x00000000f3a00000)
  to   space 15872K, 0% used [0x00000000f1d00000,0x00000000f1d00000,0x00000000f2c80000)
 ParOldGen       total 62464K, used 18562K [0x00000000c9e00000, 0x00000000cdb00000, 0x00000000edf80000)
  object space 62464K, 29% used [0x00000000c9e00000,0x00000000cb020890,0x00000000cdb00000)
 Metaspace       used 34808K, capacity 35298K, committed 35496K, reserved 1081344K
  class space    used 4460K, capacity 4606K, committed 4608K, reserved 1048576K
}
Event: 10.481 GC heap before
{Heap before GC invocations=11 (full 2):
 PSYoungGen      total 76800K, used 62976K [0x00000000edf80000, 0x00000000f5180000, 0x0000000100000000)
  eden space 62976K, 100% used [0x00000000edf80000,0x00000000f1d00000,0x00000000f1d00000)
  from space 13824K, 0% used [0x00000000f2c80000,0x00000000f2c80000,0x00000000f3a00000)
  to   space 15872K, 0% used [0x00000000f1d00000,0x00000000f1d00000,0x00000000f2c80000)
 ParOldGen       total 62464K, used 18562K [0x00000000c9e00000, 0x00000000cdb00000, 0x00000000edf80000)
  object space 62464K, 29% used [0x00000000c9e00000,0x00000000cb020890,0x00000000cdb00000)
 Metaspace       used 40210K, capacity 40842K, committed 41088K, reserved 1085440K
  class space    used 5078K, capacity 5230K, committed 5248K, reserved 1048576K
Event: 10.508 GC heap after
Heap after GC invocations=11 (full 2):
 PSYoungGen      total 78848K, used 13200K [0x00000000edf80000, 0x00000000f4e80000, 0x0000000100000000)
  eden space 62976K, 0% used [0x00000000edf80000,0x00000000edf80000,0x00000000f1d00000)
  from space 15872K, 83% used [0x00000000f1d00000,0x00000000f29e43f0,0x00000000f2c80000)
  to   space 16896K, 0% used [0x00000000f3e00000,0x00000000f3e00000,0x00000000f4e80000)
 ParOldGen       total 62464K, used 18570K [0x00000000c9e00000, 0x00000000cdb00000, 0x00000000edf80000)
  object space 62464K, 29% used [0x00000000c9e00000,0x00000000cb022890,0x00000000cdb00000)
 Metaspace       used 40210K, capacity 40842K, committed 41088K, reserved 1085440K
  class space    used 5078K, capacity 5230K, committed 5248K, reserved 1048576K
}
Event: 13.502 GC heap before
{Heap before GC invocations=12 (full 2):
 PSYoungGen      total 78848K, used 76176K [0x00000000edf80000, 0x00000000f4e80000, 0x0000000100000000)
  eden space 62976K, 100% used [0x00000000edf80000,0x00000000f1d00000,0x00000000f1d00000)
  from space 15872K, 83% used [0x00000000f1d00000,0x00000000f29e43f0,0x00000000f2c80000)
  to   space 16896K, 0% used [0x00000000f3e00000,0x00000000f3e00000,0x00000000f4e80000)
 ParOldGen       total 62464K, used 18570K [0x00000000c9e00000, 0x00000000cdb00000, 0x00000000edf80000)
  object space 62464K, 29% used [0x00000000c9e00000,0x00000000cb022890,0x00000000cdb00000)
 Metaspace       used 44160K, capacity 44914K, committed 45312K, reserved 1089536K
  class space    used 5370K, capacity 5554K, committed 5632K, reserved 1048576K
Event: 13.533 GC heap after
Heap after GC invocations=12 (full 2):
 PSYoungGen      total 93184K, used 16895K [0x00000000edf80000, 0x00000000f5500000, 0x0000000100000000)
  eden space 76288K, 0% used [0x00000000edf80000,0x00000000edf80000,0x00000000f2a00000)
  from space 16896K, 99% used [0x00000000f3e00000,0x00000000f4e7fc10,0x00000000f4e80000)
  to   space 20480K, 0% used [0x00000000f2a00000,0x00000000f2a00000,0x00000000f3e00000)
 ParOldGen       total 62464K, used 21820K [0x00000000c9e00000, 0x00000000cdb00000, 0x00000000edf80000)
  object space 62464K, 34% used [0x00000000c9e00000,0x00000000cb34f320,0x00000000cdb00000)
 Metaspace       used 44160K, capacity 44914K, committed 45312K, reserved 1089536K
  class space    used 5370K, capacity 5554K, committed 5632K, reserved 1048576K
}
Event: 16.127 GC heap before
{Heap before GC invocations=13 (full 2):
 PSYoungGen      total 93184K, used 93183K [0x00000000edf80000, 0x00000000f5500000, 0x0000000100000000)
  eden space 76288K, 100% used [0x00000000edf80000,0x00000000f2a00000,0x00000000f2a00000)
  from space 16896K, 99% used [0x00000000f3e00000,0x00000000f4e7fc10,0x00000000f4e80000)
  to   space 20480K, 0% used [0x00000000f2a00000,0x00000000f2a00000,0x00000000f3e00000)
 ParOldGen       total 62464K, used 21820K [0x00000000c9e00000, 0x00000000cdb00000, 0x00000000edf80000)
  object space 62464K, 34% used [0x00000000c9e00000,0x00000000cb34f320,0x00000000cdb00000)
 Metaspace       used 45428K, capacity 46216K, committed 46464K, reserved 1089536K
  class space    used 5512K, capacity 5687K, committed 5760K, reserved 1048576K
Event: 16.179 GC heap after
Heap after GC invocations=13 (full 2):
 PSYoungGen      total 96768K, used 20472K [0x00000000edf80000, 0x00000000f5500000, 0x0000000100000000)
  eden space 76288K, 0% used [0x00000000edf80000,0x00000000edf80000,0x00000000f2a00000)
  from space 20480K, 99% used [0x00000000f2a00000,0x00000000f3dfe260,0x00000000f3e00000)
  to   space 16896K, 0% used [0x00000000f3e00000,0x00000000f3e00000,0x00000000f4e80000)
 ParOldGen       total 62464K, used 30499K [0x00000000c9e00000, 0x00000000cdb00000, 0x00000000edf80000)
  object space 62464K, 48% used [0x00000000c9e00000,0x00000000cbbc8d30,0x00000000cdb00000)
 Metaspace       used 45428K, capacity 46216K, committed 46464K, reserved 1089536K
  class space    used 5512K, capacity 5687K, committed 5760K, reserved 1048576K
}

Deoptimization events (10 events):
Event: 18.901 Thread 0x00000000026e3800 Uncommon trap: reason=bimorphic action=maybe_recompile pc=0x000000000352f978 method=org.jetbrains.kotlin.com.intellij.psi.impl.source.tree.TreeElement.rawRemoveUpToWithoutNotifications(Lorg/jetbrains/kotlin/com/intellij/psi/impl/source/tree/TreeElement;Z)
Event: 18.903 Thread 0x00000000026e3800 Uncommon trap: reason=bimorphic action=maybe_recompile pc=0x000000000349b490 method=org.jetbrains.kotlin.com.intellij.psi.impl.source.tree.CompositeElement.findChildByType(Lorg/jetbrains/kotlin/com/intellij/psi/tree/IElementType;)Lorg/jetbrains/kotlin/com
Event: 18.961 Thread 0x00000000026e3800 Uncommon trap: reason=bimorphic action=maybe_recompile pc=0x000000000349b490 method=org.jetbrains.kotlin.com.intellij.psi.impl.source.tree.CompositeElement.findChildByType(Lorg/jetbrains/kotlin/com/intellij/psi/tree/IElementType;)Lorg/jetbrains/kotlin/com
Event: 18.961 Thread 0x00000000026e3800 Uncommon trap: reason=bimorphic action=maybe_recompile pc=0x000000000349b490 method=org.jetbrains.kotlin.com.intellij.psi.impl.source.tree.CompositeElement.findChildByType(Lorg/jetbrains/kotlin/com/intellij/psi/tree/IElementType;)Lorg/jetbrains/kotlin/com
Event: 19.071 Thread 0x00000000026e3800 Uncommon trap: reason=bimorphic action=maybe_recompile pc=0x0000000004079a2c method=org.jetbrains.kotlin.com.google.common.collect.AbstractMapBasedMultimap$WrappedCollection.size()I @ 8
Event: 19.100 Thread 0x00000000026e3800 Uncommon trap: reason=bimorphic action=maybe_recompile pc=0x000000000352f978 method=org.jetbrains.kotlin.com.intellij.psi.impl.source.tree.TreeElement.rawRemoveUpToWithoutNotifications(Lorg/jetbrains/kotlin/com/intellij/psi/impl/source/tree/TreeElement;Z)
Event: 19.166 Thread 0x00000000026e3800 Uncommon trap: reason=bimorphic action=maybe_recompile pc=0x0000000004079a2c method=org.jetbrains.kotlin.com.google.common.collect.AbstractMapBasedMultimap$WrappedCollection.size()I @ 8
Event: 19.197 Thread 0x00000000026e3800 Uncommon trap: reason=bimorphic action=maybe_recompile pc=0x000000000352f978 method=org.jetbrains.kotlin.com.intellij.psi.impl.source.tree.TreeElement.rawRemoveUpToWithoutNotifications(Lorg/jetbrains/kotlin/com/intellij/psi/impl/source/tree/TreeElement;Z)
Event: 19.269 Thread 0x00000000026e3800 Uncommon trap: reason=bimorphic action=maybe_recompile pc=0x0000000004079a2c method=org.jetbrains.kotlin.com.google.common.collect.AbstractMapBasedMultimap$WrappedCollection.size()I @ 8
Event: 19.286 Thread 0x00000000026e3800 Uncommon trap: reason=bimorphic action=maybe_recompile pc=0x000000000352f978 method=org.jetbrains.kotlin.com.intellij.psi.impl.source.tree.TreeElement.rawRemoveUpToWithoutNotifications(Lorg/jetbrains/kotlin/com/intellij/psi/impl/source/tree/TreeElement;Z)

Classes redefined (0 events):
No events

Internal exceptions (10 events):
Event: 16.850 Thread 0x00000000026e3800 Implicit null exception at 0x000000000352c614 to 0x000000000352cbc9
Event: 16.851 Thread 0x00000000026e3800 Implicit null exception at 0x000000000352c614 to 0x000000000352cbc9
Event: 16.851 Thread 0x00000000026e3800 Implicit null exception at 0x000000000352c614 to 0x000000000352cbc9
Event: 16.851 Thread 0x00000000026e3800 Implicit null exception at 0x00000000036425c0 to 0x0000000003643e81
Event: 16.851 Thread 0x00000000026e3800 Implicit null exception at 0x0000000003514706 to 0x0000000003515a9d
Event: 16.860 Thread 0x00000000026e3800 Implicit null exception at 0x00000000034f5682 to 0x00000000034f5960
Event: 17.658 Thread 0x00000000026e3800 Implicit null exception at 0x0000000002ea5f38 to 0x0000000002ea67e5
Event: 17.658 Thread 0x00000000026e3800 Implicit null exception at 0x0000000002c07dbb to 0x0000000002c08425
Event: 17.907 Thread 0x00000000026e3800 Implicit null exception at 0x0000000003f82f63 to 0x0000000003f8311f
Event: 18.741 Thread 0x00000000026e3800 Exception <a 'java/lang/IncompatibleClassChangeError': Found class java.lang.Object, but interface was expected> (0x00000000f15888a0) thrown at [C:\re\workspace\8-2-build-windows-amd64-cygwin\jdk8u211\12973\hotspot\src\share\vm\interpreter\linkResolver.cp

Events (10 events):
Event: 19.166 Thread 0x00000000026e3800 DEOPT UNPACKING pc=0x000000000282583b sp=0x00000000025ed4e8 mode 2
Event: 19.197 Thread 0x00000000026e3800 Uncommon trap: trap_request=0xffffffc6 fr.pc=0x000000000352f978
Event: 19.197 Thread 0x00000000026e3800 DEOPT PACKING pc=0x000000000352f978 sp=0x00000000025ec030
Event: 19.197 Thread 0x00000000026e3800 DEOPT UNPACKING pc=0x000000000282583b sp=0x00000000025ebfb8 mode 2
Event: 19.269 Thread 0x00000000026e3800 Uncommon trap: trap_request=0xffffffc6 fr.pc=0x0000000004079a2c
Event: 19.269 Thread 0x00000000026e3800 DEOPT PACKING pc=0x0000000004079a2c sp=0x00000000025ed520
Event: 19.269 Thread 0x00000000026e3800 DEOPT UNPACKING pc=0x000000000282583b sp=0x00000000025ed4e8 mode 2
Event: 19.286 Thread 0x00000000026e3800 Uncommon trap: trap_request=0xffffffc6 fr.pc=0x000000000352f978
Event: 19.286 Thread 0x00000000026e3800 DEOPT PACKING pc=0x000000000352f978 sp=0x00000000025ec020
Event: 19.286 Thread 0x00000000026e3800 DEOPT UNPACKING pc=0x000000000282583b sp=0x00000000025ebfa8 mode 2


Dynamic libraries:
0x00007ff63c520000 - 0x00007ff63c557000 	C:\Program Files\Java\jdk1.8.0_211\jre\bin\java.exe
0x00007ffc2c7c0000 - 0x00007ffc2c9c9000 	C:\WINDOWS\SYSTEM32\ntdll.dll
0x00007ffc2af60000 - 0x00007ffc2b01d000 	C:\WINDOWS\System32\KERNEL32.DLL
0x00007ffc29f60000 - 0x00007ffc2a2d4000 	C:\WINDOWS\System32\KERNELBASE.dll
0x00007ffc2abb0000 - 0x00007ffc2ac5e000 	C:\WINDOWS\System32\ADVAPI32.dll
0x00007ffc2c6d0000 - 0x00007ffc2c773000 	C:\WINDOWS\System32\msvcrt.dll
0x00007ffc2a8d0000 - 0x00007ffc2a96e000 	C:\WINDOWS\System32\sechost.dll
0x00007ffc2acd0000 - 0x00007ffc2adf0000 	C:\WINDOWS\System32\RPCRT4.dll
0x00007ffc2c430000 - 0x00007ffc2c5dc000 	C:\WINDOWS\System32\USER32.dll
0x00007ffc2a400000 - 0x00007ffc2a426000 	C:\WINDOWS\System32\win32u.dll
0x00007ffc2a9d0000 - 0x00007ffc2a9f9000 	C:\WINDOWS\System32\GDI32.dll
0x00007ffc2a2e0000 - 0x00007ffc2a3f2000 	C:\WINDOWS\System32\gdi32full.dll
0x00007ffc29d30000 - 0x00007ffc29dcd000 	C:\WINDOWS\System32\msvcp_win.dll
0x00007ffc29dd0000 - 0x00007ffc29ee1000 	C:\WINDOWS\System32\ucrtbase.dll
0x00007ffc0eed0000 - 0x00007ffc0f175000 	C:\WINDOWS\WinSxS\amd64_microsoft.windows.common-controls_6595b64144ccf1df_6.0.22000.120_none_9d947278b86cc467\COMCTL32.dll
0x00007ffc2ba00000 - 0x00007ffc2ba31000 	C:\WINDOWS\System32\IMM32.DLL
0x000000006d640000 - 0x000000006d712000 	C:\Program Files\Java\jdk1.8.0_211\jre\bin\msvcr100.dll
0x000000006cd90000 - 0x000000006d635000 	C:\Program Files\Java\jdk1.8.0_211\jre\bin\server\jvm.dll
0x00007ffc2b490000 - 0x00007ffc2b498000 	C:\WINDOWS\System32\PSAPI.DLL
0x00007ffc221c0000 - 0x00007ffc221ca000 	C:\WINDOWS\SYSTEM32\VERSION.dll
0x00007ffc24500000 - 0x00007ffc24533000 	C:\WINDOWS\SYSTEM32\WINMM.dll
0x00007ffc25090000 - 0x00007ffc25099000 	C:\WINDOWS\SYSTEM32\WSOCK32.dll
0x00007ffc2a800000 - 0x00007ffc2a86f000 	C:\WINDOWS\System32\WS2_32.dll
0x00007ffc1a010000 - 0x00007ffc1a01f000 	C:\Program Files\Java\jdk1.8.0_211\jre\bin\verify.dll
0x00007ffc19290000 - 0x00007ffc192b9000 	C:\Program Files\Java\jdk1.8.0_211\jre\bin\java.dll
0x00007ffc19520000 - 0x00007ffc19536000 	C:\Program Files\Java\jdk1.8.0_211\jre\bin\zip.dll
0x00007ffc2bc80000 - 0x00007ffc2c42e000 	C:\WINDOWS\System32\SHELL32.dll
0x00007ffc27de0000 - 0x00007ffc28647000 	C:\WINDOWS\SYSTEM32\windows.storage.dll
0x00007ffc2b4a0000 - 0x00007ffc2b818000 	C:\WINDOWS\System32\combase.dll
0x00007ffc27c70000 - 0x00007ffc27dd6000 	C:\WINDOWS\SYSTEM32\wintypes.dll
0x00007ffc2c5e0000 - 0x00007ffc2c6ca000 	C:\WINDOWS\System32\SHCORE.dll
0x00007ffc2a970000 - 0x00007ffc2a9cd000 	C:\WINDOWS\System32\shlwapi.dll
0x00007ffc29be0000 - 0x00007ffc29c01000 	C:\WINDOWS\SYSTEM32\profapi.dll
0x00007ffc188d0000 - 0x00007ffc188ea000 	C:\Program Files\Java\jdk1.8.0_211\jre\bin\net.dll
0x00007ffc23df0000 - 0x00007ffc23fde000 	C:\WINDOWS\SYSTEM32\urlmon.dll
0x00007ffc235a0000 - 0x00007ffc23852000 	C:\WINDOWS\SYSTEM32\iertutil.dll
0x00007ffc244a0000 - 0x00007ffc244c8000 	C:\WINDOWS\SYSTEM32\srvcli.dll
0x00007ffc28890000 - 0x00007ffc2889c000 	C:\WINDOWS\SYSTEM32\netutils.dll
0x00007ffc291e0000 - 0x00007ffc29247000 	C:\WINDOWS\system32\mswsock.dll
0x00007ffc14730000 - 0x00007ffc14742000 	C:\Program Files\Java\jdk1.8.0_211\jre\bin\nio.dll

VM Arguments:
java_command: org.jetbrains.kotlin.cli.jvm.K2JVMCompiler @C:\xampp\htdocs\TCC-unigran\mobile\node_modules\react-native-screens\android\build\20220216_6106678618146847706.compiler.options
java_class_path (initial): C:\Users\rebec\.gradle\caches\modules-2\files-2.1\org.jetbrains.kotlin\kotlin-compiler-embeddable\1.4.10\38c4b99d5d5362debdd9302a866730379aa2328a\kotlin-compiler-embeddable-1.4.10.jar;C:\Users\rebec\.gradle\caches\modules-2\files-2.1\org.jetbrains.kotlin\kotlin-reflect\1.4.10\e2b3c6695eee6085e606d96d685396dce23a3a06\kotlin-reflect-1.4.10.jar;C:\Users\rebec\.gradle\caches\modules-2\files-2.1\org.jetbrains.kotlin\kotlin-stdlib\1.4.10\ea29e063d2bbe695be13e9d044dcfb0c7add398e\kotlin-stdlib-1.4.10.jar;C:\Users\rebec\.gradle\caches\modules-2\files-2.1\org.jetbrains.kotlin\kotlin-script-runtime\1.4.10\7c19d9c2001e016cd7664cebe9eea66fc04a7f4f\kotlin-script-runtime-1.4.10.jar;C:\Users\rebec\.gradle\caches\modules-2\files-2.1\org.jetbrains.kotlin\kotlin-daemon-embeddable\1.4.10\dbd67f42bed28043d17d7c860b06110a00a45970\kotlin-daemon-embeddable-1.4.10.jar;C:\Users\rebec\.gradle\caches\modules-2\files-2.1\org.jetbrains.intellij.deps\trove4j\1.0.20181211\216c2e14b070f334479d800987affe4054cd563f\trove4j-1.0.20181211.jar;C:\Users\rebec\.gradle\caches\modules-2\files-2.1\org.jetbrains.kotlin\kotlin-stdlib-common\1.4.10\6229be3465805c99db1142ad75e6c6ddeac0b04c\kotlin-stdlib-common-1.4.10.jar;C:\Users\rebec\.gradle\caches\modules-2\files-2.1\org.jetbrains\annotations\13.0\919f0dfe192fb4e063e7dacadee7f8bb9a2672a9\annotations-13.0.jar;C:\Program Files\Java\jdk1.8.0_211\lib\tools.jar
Launcher Type: SUN_STANDARD

Environment Variables:
JAVA_HOME=C:\Program Files\Java\jdk1.8.0_211
CLASSPATH=C:\xampp\htdocs\TCC-unigran\mobile\android\\gradle\wrapper\gradle-wrapper.jar
PATH=C:\xampp\htdocs\TCC-unigran\mobile\android\node_modules\.bin;C:\xampp\htdocs\TCC-unigran\mobile\node_modules\.bin;C:\xampp\htdocs\TCC-unigran\node_modules\.bin;C:\xampp\htdocs\node_modules\.bin;C:\xampp\node_modules\.bin;C:\node_modules\.bin;C:\Program Files\nodejs;C:\xampp\htdocs\TCC-unigran\mobile\node_modules\.bin;C:\xampp\htdocs\TCC-unigran\node_modules\.bin;C:\xampp\htdocs\node_modules\.bin;C:\xampp\node_modules\.bin;C:\node_modules\.bin;C:\Users\rebec\AppData\Roaming\nvm\v16.13.0\node_modules\npm\node_modules\@npmcli\run-script\lib\node-gyp-bin;C:\Python27\;C:\Python27\Scripts;C:\Python39\Scripts\;C:\Python39\;C:\Program Files\Common Files\Oracle\Java\javapath;C:\Program Files\Java\zulu11.48.21-ca-jdk11.0.11-win_x64\bin;C:\WINDOWS\system32;C:\WINDOWS;C:\WINDOWS\System32\Wbem;C:\WINDOWS\System32\WindowsPowerShell\v1.0\;C:\WINDOWS\System32\OpenSSH\;C:\xampp\versao\php;C:\ProgramData\ComposerSetup\bin;C:\Program Files\PuTTY\;C:\ProgramData\chocolatey\bin;C:\xampp\versao\mysql\bin;C:\Program Files\Git\cmd;C:\Program Files\OpenJDK\openjdk-8u312-b07\bin;C:\Users\rebec\AppData\Local\Android\Sdk\platform-tools;C:\Users\rebec\AppData\Roaming\nvm;C:\Program Files\nodejs;C:\Program Files\OpenJDK\jdk-17.0.1\bin;C:\Users\rebec\AppData\Local\Android\Sdk;C:\Program Files\Java\jdk1.8.0_211\bin;C:\xampp\versao\php;C:\xampp\php;C:\Ruby27-x64\bin;C:\Users\rebec\AppData\Local\Microsoft\WindowsApps;C:\Users\rebec\AppData\Local\Programs\Microsoft VS Code\bin;C:\Users\rebec\AppData\Roaming\Composer\vendor\bin;C:\Program Files\MongoDB\Server\5.0\bin;C:\Users\rebec\AppData\Local\GitHubDesktop\bin;C:\Users\rebec\AppData\Roaming\npm;C:\Users\rebec\AppData\Roaming\nvm;C:\Program Files\nodejs;C:\xampp\php;;C:\xampp\htdocs\TCC-unigran\mobile\node_modules\.bin
USERNAME=rebec
OS=Windows_NT
PROCESSOR_IDENTIFIER=AMD64 Family 23 Model 24 Stepping 1, AuthenticAMD



---------------  S Y S T E M  ---------------

OS: Windows 10.0 , 64 bit Build 22000 (10.0.22000.434)

CPU:total 8 (initial active 8) (8 cores per cpu, 1 threads per core) family 23 model 24 stepping 1, cmov, cx8, fxsr, mmx, sse, sse2, sse3, ssse3, sse4.1, sse4.2, popcnt, avx, avx2, aes, clmul, mmxext, 3dnowpref, lzcnt, sse4a, tsc, tscinvbit, tscinv, bmi1

Memory: 4k page, physical 3543304k(170236k free), swap 14553352k(1612k free)

vm_info: Java HotSpot(TM) 64-Bit Server VM (25.211-b12) for windows-amd64 JRE (1.8.0_211-b12), built on Apr  1 2019 20:53:26 by "java_re" with MS VC++ 10.0 (VS2010)

time: Wed Feb 16 14:42:23 2022
timezone: Hora Universal Coordenada
elapsed time: 19 seconds (0d 0h 0m 19s)

