#
# There is insufficient memory for the Java Runtime Environment to continue.
# Native memory allocation (malloc) failed to allocate 676736 bytes for Chunk::new
# Possible reasons:
#   The system is out of physical RAM or swap space
#   The process is running with CompressedOops enabled, and the Java Heap may be blocking the growth of the native heap
# Possible solutions:
#   Reduce memory load on the system
#   Increase physical memory or swap space
#   Check if swap backing store is full
#   Decrease Java heap size (-Xmx/-Xms)
#   Decrease number of Java threads
#   Decrease Java thread stack sizes (-Xss)
#   Set larger code cache with -XX:ReservedCodeCacheSize=
#   JVM is running with Unscaled Compressed Oops mode in which the Java heap is
#     placed in the first 4GB address space. The Java Heap base address is the
#     maximum limit for the native heap growth. Please use -XX:HeapBaseMinAddress
#     to set the Java Heap base and to place the Java Heap above 4GB virtual address.
# This output file may be truncated or incomplete.
#
#  Out of Memory Error (allocation.cpp:389), pid=75372, tid=0x000000000000f398
#
# JRE version: Java(TM) SE Runtime Environment (8.0_211-b12) (build 1.8.0_211-b12)
# Java VM: Java HotSpot(TM) 64-Bit Server VM (25.211-b12 mixed mode windows-amd64 compressed oops)
# Failed to write core dump. Minidumps are not enabled by default on client versions of Windows
#

---------------  T H R E A D  ---------------

Current thread (0x000000001697d800):  JavaThread "C2 CompilerThread2" daemon [_thread_in_native, id=62360, stack(0x0000000017490000,0x0000000017590000)]

Stack: [0x0000000017490000,0x0000000017590000]
[error occurred during error reporting (printing stack bounds), id 0xc0000005]

Native frames: (J=compiled Java code, j=interpreted, Vv=VM code, C=native code)


Current CompileTask:
C2:   8336 3671       4       org.jetbrains.kotlin.com.intellij.lang.impl.PsiBuilderImpl::insertLeaves (88 bytes)


---------------  P R O C E S S  ---------------

Java Threads: ( => current thread )
  0x00000000169fd800 JavaThread "Service Thread" daemon [_thread_blocked, id=69660, stack(0x0000000017690000,0x0000000017790000)]
  0x0000000016986800 JavaThread "C1 CompilerThread3" daemon [_thread_in_native, id=57216, stack(0x0000000017590000,0x0000000017690000)]
=>0x000000001697d800 JavaThread "C2 CompilerThread2" daemon [_thread_in_native, id=62360, stack(0x0000000017490000,0x0000000017590000)]
  0x0000000016977800 JavaThread "C2 CompilerThread1" daemon [_thread_in_native, id=70788, stack(0x0000000017390000,0x0000000017490000)]
  0x0000000016971000 JavaThread "C2 CompilerThread0" daemon [_thread_in_native, id=40492, stack(0x0000000017290000,0x0000000017390000)]
  0x000000001696f800 JavaThread "Attach Listener" daemon [_thread_blocked, id=72616, stack(0x0000000017190000,0x0000000017290000)]
  0x0000000014b6d800 JavaThread "Signal Dispatcher" daemon [_thread_blocked, id=75504, stack(0x0000000017090000,0x0000000017190000)]
  0x0000000016961000 JavaThread "Finalizer" daemon [_thread_blocked, id=44208, stack(0x0000000016e40000,0x0000000016f40000)]
  0x00000000025e9000 JavaThread "Reference Handler" daemon [_thread_blocked, id=59500, stack(0x0000000016d40000,0x0000000016e40000)]
  0x00000000024f3800 JavaThread "main" [_thread_in_Java, id=17560, stack(0x00000000023d0000,0x00000000024d0000)]

Other Threads:
  0x0000000014b58000 VMThread [stack: 0x0000000016840000,0x0000000016940000] [id=24664]
  0x0000000016a27800 WatcherThread [stack: 0x0000000017900000,0x0000000017a00000] [id=25208]

VM state:not at safepoint (normal execution)

VM Mutex/Monitor currently owned by a thread: None

heap address: 0x00000000c9e00000, size: 866 MB, Compressed Oops mode: 32-bit
Narrow klass base: 0x0000000000000000, Narrow klass shift: 3
Compressed class space size: 1073741824 Address: 0x0000000100000000

Heap:
 PSYoungGen      total 71168K, used 42350K [0x00000000edf80000, 0x00000000f3780000, 0x0000000100000000)
  eden space 57344K, 73% used [0x00000000edf80000,0x00000000f08dbab8,0x00000000f1780000)
  from space 13824K, 0% used [0x00000000f2a00000,0x00000000f2a00000,0x00000000f3780000)
  to   space 8704K, 0% used [0x00000000f1780000,0x00000000f1780000,0x00000000f2000000)
 ParOldGen       total 40960K, used 18479K [0x00000000c9e00000, 0x00000000cc600000, 0x00000000edf80000)
  object space 40960K, 45% used [0x00000000c9e00000,0x00000000cb00be30,0x00000000cc600000)
 Metaspace       used 39970K, capacity 40632K, committed 40832K, reserved 1085440K
  class space    used 5068K, capacity 5227K, committed 5248K, reserved 1048576K

Card table byte_map: [0x00000000119b0000,0x0000000011b70000] byte_map_base: 0x0000000011361000

Marking Bits: (ParMarkBitMap*) 0x000000006d5b5ce0
 Begin Bits: [0x00000000124a0000, 0x0000000013228000)
 End Bits:   [0x0000000013228000, 0x0000000013fb0000)

Polling page: 0x0000000002370000

CodeCache: size=245760Kb used=11746Kb max_used=11746Kb free=234013Kb
 bounds [0x00000000025f0000, 0x0000000003180000, 0x00000000115f0000]
 total_blobs=4104 nmethods=3647 adapters=370
 compilation: enabled

Compilation events (10 events):
Event: 8.264 Thread 0x0000000016986800 nmethod 3678 0x0000000002708250 code [0x00000000027083c0, 0x0000000002708568]
Event: 8.264 Thread 0x0000000016986800 3679       3       kotlin.text.StringsKt__StringsKt::substringBefore (62 bytes)
Event: 8.265 Thread 0x0000000016986800 nmethod 3679 0x00000000027c59d0 code [0x00000000027c5c60, 0x00000000027c6a08]
Event: 8.328 Thread 0x0000000016971000 3680       4       java.lang.Character::charCount (12 bytes)
Event: 8.329 Thread 0x0000000016977800 3681       4       org.jetbrains.kotlin.com.intellij.lang.impl.PsiBuilderImpl::createLeaf (155 bytes)
Event: 8.329 Thread 0x0000000016971000 nmethod 3680 0x000000000270c510 code [0x000000000270c640, 0x000000000270c698]
Event: 8.329 Thread 0x0000000016971000 3682       4       org.jetbrains.kotlin.com.intellij.psi.impl.source.CharTableImpl::intern (71 bytes)
Event: 8.330 Thread 0x0000000016986800 3683       1       org.jetbrains.kotlin.load.java.lazy.descriptors.LazyJavaScope::getC (5 bytes)
Event: 8.330 Thread 0x0000000016986800 nmethod 3683 0x000000000270c1d0 code [0x000000000270c320, 0x000000000270c430]
Event: 8.330 Thread 0x0000000016986800 3684       3       org.jetbrains.kotlin.incremental.UtilsKt::record (121 bytes)

GC Heap History (10 events):
Event: 2.996 GC heap before
{Heap before GC invocations=6 (full 1):
 PSYoungGen      total 31744K, used 2020K [0x00000000edf80000, 0x00000000f2a80000, 0x0000000100000000)
  eden space 29696K, 0% used [0x00000000edf80000,0x00000000edf80000,0x00000000efc80000)
  from space 2048K, 98% used [0x00000000efc80000,0x00000000efe79020,0x00000000efe80000)
  to   space 8704K, 0% used [0x00000000f2200000,0x00000000f2200000,0x00000000f2a80000)
 ParOldGen       total 38400K, used 16806K [0x00000000c9e00000, 0x00000000cc380000, 0x00000000edf80000)
  object space 38400K, 43% used [0x00000000c9e00000,0x00000000cae69898,0x00000000cc380000)
 Metaspace       used 20716K, capacity 21142K, committed 21296K, reserved 1069056K
  class space    used 2484K, capacity 2619K, committed 2688K, reserved 1048576K
Event: 3.041 GC heap after
Heap after GC invocations=6 (full 1):
 PSYoungGen      total 31744K, used 0K [0x00000000edf80000, 0x00000000f2a80000, 0x0000000100000000)
  eden space 29696K, 0% used [0x00000000edf80000,0x00000000edf80000,0x00000000efc80000)
  from space 2048K, 0% used [0x00000000efc80000,0x00000000efc80000,0x00000000efe80000)
  to   space 8704K, 0% used [0x00000000f2200000,0x00000000f2200000,0x00000000f2a80000)
 ParOldGen       total 40960K, used 11371K [0x00000000c9e00000, 0x00000000cc600000, 0x00000000edf80000)
  object space 40960K, 27% used [0x00000000c9e00000,0x00000000ca91ae70,0x00000000cc600000)
 Metaspace       used 20716K, capacity 21142K, committed 21296K, reserved 1069056K
  class space    used 2484K, capacity 2619K, committed 2688K, reserved 1048576K
}
Event: 4.284 GC heap before
{Heap before GC invocations=7 (full 1):
 PSYoungGen      total 31744K, used 29696K [0x00000000edf80000, 0x00000000f2a80000, 0x0000000100000000)
  eden space 29696K, 100% used [0x00000000edf80000,0x00000000efc80000,0x00000000efc80000)
  from space 2048K, 0% used [0x00000000efc80000,0x00000000efc80000,0x00000000efe80000)
  to   space 8704K, 0% used [0x00000000f2200000,0x00000000f2200000,0x00000000f2a80000)
 ParOldGen       total 40960K, used 11371K [0x00000000c9e00000, 0x00000000cc600000, 0x00000000edf80000)
  object space 40960K, 27% used [0x00000000c9e00000,0x00000000ca91ae70,0x00000000cc600000)
 Metaspace       used 23190K, capacity 23698K, committed 24064K, reserved 1071104K
  class space    used 2823K, capacity 2953K, committed 3072K, reserved 1048576K
Event: 4.295 GC heap after
Heap after GC invocations=7 (full 1):
 PSYoungGen      total 49664K, used 6304K [0x00000000edf80000, 0x00000000f2880000, 0x0000000100000000)
  eden space 43008K, 0% used [0x00000000edf80000,0x00000000edf80000,0x00000000f0980000)
  from space 6656K, 94% used [0x00000000f2200000,0x00000000f2828378,0x00000000f2880000)
  to   space 8704K, 0% used [0x00000000f1780000,0x00000000f1780000,0x00000000f2000000)
 ParOldGen       total 40960K, used 11379K [0x00000000c9e00000, 0x00000000cc600000, 0x00000000edf80000)
  object space 40960K, 27% used [0x00000000c9e00000,0x00000000ca91ce70,0x00000000cc600000)
 Metaspace       used 23190K, capacity 23698K, committed 24064K, reserved 1071104K
  class space    used 2823K, capacity 2953K, committed 3072K, reserved 1048576K
}
Event: 5.619 GC heap before
{Heap before GC invocations=8 (full 1):
 PSYoungGen      total 49664K, used 49312K [0x00000000edf80000, 0x00000000f2880000, 0x0000000100000000)
  eden space 43008K, 100% used [0x00000000edf80000,0x00000000f0980000,0x00000000f0980000)
  from space 6656K, 94% used [0x00000000f2200000,0x00000000f2828378,0x00000000f2880000)
  to   space 8704K, 0% used [0x00000000f1780000,0x00000000f1780000,0x00000000f2000000)
 ParOldGen       total 40960K, used 11379K [0x00000000c9e00000, 0x00000000cc600000, 0x00000000edf80000)
  object space 40960K, 27% used [0x00000000c9e00000,0x00000000ca91ce70,0x00000000cc600000)
 Metaspace       used 31109K, capacity 31645K, committed 31872K, reserved 1077248K
  class space    used 4003K, capacity 4144K, committed 4224K, reserved 1048576K
Event: 5.636 GC heap after
Heap after GC invocations=8 (full 1):
 PSYoungGen      total 66048K, used 8685K [0x00000000edf80000, 0x00000000f3780000, 0x0000000100000000)
  eden space 57344K, 0% used [0x00000000edf80000,0x00000000edf80000,0x00000000f1780000)
  from space 8704K, 99% used [0x00000000f1780000,0x00000000f1ffb5a0,0x00000000f2000000)
  to   space 13824K, 0% used [0x00000000f2a00000,0x00000000f2a00000,0x00000000f3780000)
 ParOldGen       total 40960K, used 18923K [0x00000000c9e00000, 0x00000000cc600000, 0x00000000edf80000)
  object space 40960K, 46% used [0x00000000c9e00000,0x00000000cb07acc0,0x00000000cc600000)
 Metaspace       used 31109K, capacity 31645K, committed 31872K, reserved 1077248K
  class space    used 4003K, capacity 4144K, committed 4224K, reserved 1048576K
}
Event: 6.451 GC heap before
{Heap before GC invocations=9 (full 1):
 PSYoungGen      total 66048K, used 28670K [0x00000000edf80000, 0x00000000f3780000, 0x0000000100000000)
  eden space 57344K, 34% used [0x00000000edf80000,0x00000000ef3043a8,0x00000000f1780000)
  from space 8704K, 99% used [0x00000000f1780000,0x00000000f1ffb5a0,0x00000000f2000000)
  to   space 13824K, 0% used [0x00000000f2a00000,0x00000000f2a00000,0x00000000f3780000)
 ParOldGen       total 40960K, used 18923K [0x00000000c9e00000, 0x00000000cc600000, 0x00000000edf80000)
  object space 40960K, 46% used [0x00000000c9e00000,0x00000000cb07acc0,0x00000000cc600000)
 Metaspace       used 34791K, capacity 35298K, committed 35496K, reserved 1081344K
  class space    used 4460K, capacity 4606K, committed 4608K, reserved 1048576K
Event: 6.466 GC heap after
Heap after GC invocations=9 (full 1):
 PSYoungGen      total 71168K, used 13080K [0x00000000edf80000, 0x00000000f3780000, 0x0000000100000000)
  eden space 57344K, 0% used [0x00000000edf80000,0x00000000edf80000,0x00000000f1780000)
  from space 13824K, 94% used [0x00000000f2a00000,0x00000000f36c6358,0x00000000f3780000)
  to   space 8704K, 0% used [0x00000000f1780000,0x00000000f1780000,0x00000000f2000000)
 ParOldGen       total 40960K, used 18992K [0x00000000c9e00000, 0x00000000cc600000, 0x00000000edf80000)
  object space 40960K, 46% used [0x00000000c9e00000,0x00000000cb08c120,0x00000000cc600000)
 Metaspace       used 34791K, capacity 35298K, committed 35496K, reserved 1081344K
  class space    used 4460K, capacity 4606K, committed 4608K, reserved 1048576K
}
Event: 6.466 GC heap before
{Heap before GC invocations=10 (full 2):
 PSYoungGen      total 71168K, used 13080K [0x00000000edf80000, 0x00000000f3780000, 0x0000000100000000)
  eden space 57344K, 0% used [0x00000000edf80000,0x00000000edf80000,0x00000000f1780000)
  from space 13824K, 94% used [0x00000000f2a00000,0x00000000f36c6358,0x00000000f3780000)
  to   space 8704K, 0% used [0x00000000f1780000,0x00000000f1780000,0x00000000f2000000)
 ParOldGen       total 40960K, used 18992K [0x00000000c9e00000, 0x00000000cc600000, 0x00000000edf80000)
  object space 40960K, 46% used [0x00000000c9e00000,0x00000000cb08c120,0x00000000cc600000)
 Metaspace       used 34791K, capacity 35298K, committed 35496K, reserved 1081344K
  class space    used 4460K, capacity 4606K, committed 4608K, reserved 1048576K
Event: 6.562 GC heap after
Heap after GC invocations=10 (full 2):
 PSYoungGen      total 71168K, used 0K [0x00000000edf80000, 0x00000000f3780000, 0x0000000100000000)
  eden space 57344K, 0% used [0x00000000edf80000,0x00000000edf80000,0x00000000f1780000)
  from space 13824K, 0% used [0x00000000f2a00000,0x00000000f2a00000,0x00000000f3780000)
  to   space 8704K, 0% used [0x00000000f1780000,0x00000000f1780000,0x00000000f2000000)
 ParOldGen       total 40960K, used 18479K [0x00000000c9e00000, 0x00000000cc600000, 0x00000000edf80000)
  object space 40960K, 45% used [0x00000000c9e00000,0x00000000cb00be30,0x00000000cc600000)
 Metaspace       used 34791K, capacity 35298K, committed 35496K, reserved 1081344K
  class space    used 4460K, capacity 4606K, committed 4608K, reserved 1048576K
}

Deoptimization events (10 events):
Event: 8.030 Thread 0x00000000024f3800 Uncommon trap: reason=bimorphic action=maybe_recompile pc=0x0000000003086e6c method=org.jetbrains.kotlin.com.intellij.psi.impl.source.tree.SharedImplUtil.findFileElement(Lorg/jetbrains/kotlin/com/intellij/lang/ASTNode;)Lorg/jetbrains/kotlin/com/intellij/l
Event: 8.030 Thread 0x00000000024f3800 Uncommon trap: reason=bimorphic action=maybe_recompile pc=0x0000000003086e6c method=org.jetbrains.kotlin.com.intellij.psi.impl.source.tree.SharedImplUtil.findFileElement(Lorg/jetbrains/kotlin/com/intellij/lang/ASTNode;)Lorg/jetbrains/kotlin/com/intellij/l
Event: 8.041 Thread 0x00000000024f3800 Uncommon trap: reason=unstable_if action=reinterpret pc=0x0000000002f637e8 method=gnu.trove.TObjectHash.insertionIndex(Ljava/lang/Object;)I @ 65
Event: 8.042 Thread 0x00000000024f3800 Uncommon trap: reason=class_check action=maybe_recompile pc=0x000000000270b288 method=org.jetbrains.kotlin.com.intellij.psi.impl.source.tree.TreeElement.rawRemoveUpToWithoutNotifications(Lorg/jetbrains/kotlin/com/intellij/psi/impl/source/tree/TreeElement;
Event: 8.042 Thread 0x00000000024f3800 Uncommon trap: reason=bimorphic action=maybe_recompile pc=0x0000000003086e6c method=org.jetbrains.kotlin.com.intellij.psi.impl.source.tree.SharedImplUtil.findFileElement(Lorg/jetbrains/kotlin/com/intellij/lang/ASTNode;)Lorg/jetbrains/kotlin/com/intellij/l
Event: 8.178 Thread 0x00000000024f3800 Uncommon trap: reason=unstable_if action=reinterpret pc=0x0000000002f62a54 method=java.lang.AbstractStringBuilder.append(Ljava/lang/CharSequence;)Ljava/lang/AbstractStringBuilder; @ 29
Event: 8.239 Thread 0x00000000024f3800 Uncommon trap: reason=class_check action=maybe_recompile pc=0x000000000270b288 method=org.jetbrains.kotlin.com.intellij.psi.impl.source.tree.TreeElement.rawRemoveUpToWithoutNotifications(Lorg/jetbrains/kotlin/com/intellij/psi/impl/source/tree/TreeElement;
Event: 8.242 Thread 0x00000000024f3800 Uncommon trap: reason=class_check action=maybe_recompile pc=0x000000000271c224 method=org.jetbrains.kotlin.com.intellij.psi.impl.source.tree.CompositeElement.drillDown(Lorg/jetbrains/kotlin/com/intellij/psi/impl/source/tree/TreeElement;)Lorg/jetbrains/kot
Event: 8.243 Thread 0x00000000024f3800 Uncommon trap: reason=class_check action=maybe_recompile pc=0x000000000270b288 method=org.jetbrains.kotlin.com.intellij.psi.impl.source.tree.TreeElement.rawRemoveUpToWithoutNotifications(Lorg/jetbrains/kotlin/com/intellij/psi/impl/source/tree/TreeElement;
Event: 8.250 Thread 0x00000000024f3800 Uncommon trap: reason=predicate action=maybe_recompile pc=0x0000000002f01a6c method=org.jetbrains.kotlin.com.intellij.util.text.CharArrayUtil.getChars(Ljava/lang/CharSequence;[CIII)V @ 210

Classes redefined (0 events):
No events

Internal exceptions (10 events):
Event: 2.732 Thread 0x00000000024f3800 Exception <a 'java/lang/NoSuchMethodError': java.lang.Object.lambda$static$0(I)[Lorg/jetbrains/kotlin/com/intellij/openapi/editor/event/DocumentListener;> (0x00000000ef111b48) thrown at [C:\re\workspace\8-2-build-windows-amd64-cygwin\jdk8u211\12973\hotspo
Event: 2.791 Thread 0x00000000024f3800 Exception <a 'java/lang/NoSuchMethodError': java.lang.Object.lambda$static$0(I)[Lorg/jetbrains/kotlin/com/intellij/psi/PsiAnnotation;> (0x00000000ef32e940) thrown at [C:\re\workspace\8-2-build-windows-amd64-cygwin\jdk8u211\12973\hotspot\src\share\vm\inter
Event: 2.933 Thread 0x00000000024f3800 Exception <a 'java/lang/NoSuchMethodError': java.lang.Object.lambda$static$0(I)[Lorg/jetbrains/kotlin/com/intellij/psi/PsiElement;> (0x00000000ef796198) thrown at [C:\re\workspace\8-2-build-windows-amd64-cygwin\jdk8u211\12973\hotspot\src\share\vm\interpre
Event: 4.957 Thread 0x00000000024f3800 Exception <a 'java/lang/ArrayIndexOutOfBoundsException': 126> (0x00000000ef25ab18) thrown at [C:\re\workspace\8-2-build-windows-amd64-cygwin\jdk8u211\12973\hotspot\src\share\vm\interpreter\interpreterRuntime.cpp, line 368]
Event: 4.958 Thread 0x00000000024f3800 Exception <a 'java/lang/ArrayIndexOutOfBoundsException': 86> (0x00000000ef25bfa0) thrown at [C:\re\workspace\8-2-build-windows-amd64-cygwin\jdk8u211\12973\hotspot\src\share\vm\interpreter\interpreterRuntime.cpp, line 368]
Event: 6.129 Thread 0x00000000024f3800 Implicit null exception at 0x0000000002d100b8 to 0x0000000002d102f5
Event: 6.220 Thread 0x00000000024f3800 Exception <a 'java/lang/NoSuchMethodError': java.lang.Object.lambda$static$0(I)[Lorg/jetbrains/kotlin/psi/KtExpression;> (0x00000000eee051c0) thrown at [C:\re\workspace\8-2-build-windows-amd64-cygwin\jdk8u211\12973\hotspot\src\share\vm\interpreter\linkRes
Event: 6.944 Thread 0x00000000024f3800 Exception <a 'java/lang/NoSuchMethodError': java.lang.Object.lambda$static$0(I)[Lorg/jetbrains/kotlin/psi/KtDeclaration;> (0x00000000ee54cdf8) thrown at [C:\re\workspace\8-2-build-windows-amd64-cygwin\jdk8u211\12973\hotspot\src\share\vm\interpreter\linkRe
Event: 7.008 Thread 0x00000000024f3800 Exception <a 'java/lang/NoSuchMethodError': java.lang.Object.lambda$static$0(I)[Lorg/jetbrains/kotlin/psi/KtTypeElement;> (0x00000000ee6d5ad8) thrown at [C:\re\workspace\8-2-build-windows-amd64-cygwin\jdk8u211\12973\hotspot\src\share\vm\interpreter\linkRe
Event: 8.196 Thread 0x00000000024f3800 Exception <a 'java/lang/NoSuchMethodError': java.lang.Object.lambda$static$0(I)[Lorg/jetbrains/kotlin/com/intellij/psi/PsiClass;> (0x00000000f0604f78) thrown at [C:\re\workspace\8-2-build-windows-amd64-cygwin\jdk8u211\12973\hotspot\src\share\vm\interprete

Events (10 events):
Event: 8.320 loading class org/jetbrains/kotlin/types/checker/ClassicTypeCheckerContext$Companion
Event: 8.320 loading class org/jetbrains/kotlin/types/checker/ClassicTypeCheckerContext$Companion done
Event: 8.321 loading class org/jetbrains/kotlin/types/AbstractTypeChecker
Event: 8.321 loading class org/jetbrains/kotlin/types/AbstractTypeChecker done
Event: 8.324 loading class org/jetbrains/kotlin/load/java/typeEnhancement/NotNullTypeParameter
Event: 8.324 loading class org/jetbrains/kotlin/load/java/typeEnhancement/NotNullTypeParameter done
Event: 8.325 loading class org/jetbrains/kotlin/types/NotNullTypeVariable
Event: 8.325 loading class org/jetbrains/kotlin/types/NotNullTypeVariable done
Event: 8.326 loading class org/jetbrains/kotlin/load/java/components/DescriptorResolverUtils$1$1
Event: 8.326 loading class org/jetbrains/kotlin/load/java/components/DescriptorResolverUtils$1$1 done


Dynamic libraries:
0x00007ff6b5630000 - 0x00007ff6b5667000 	C:\Program Files\Java\jdk1.8.0_211\jre\bin\java.exe
0x00007ffc2c7c0000 - 0x00007ffc2c9c9000 	C:\WINDOWS\SYSTEM32\ntdll.dll
0x00007ffc2af60000 - 0x00007ffc2b01d000 	C:\WINDOWS\System32\KERNEL32.DLL
0x00007ffc29f60000 - 0x00007ffc2a2d4000 	C:\WINDOWS\System32\KERNELBASE.dll
0x00007ffc2abb0000 - 0x00007ffc2ac5e000 	C:\WINDOWS\System32\ADVAPI32.dll
0x00007ffc2c6d0000 - 0x00007ffc2c773000 	C:\WINDOWS\System32\msvcrt.dll
0x00007ffc2a8d0000 - 0x00007ffc2a96e000 	C:\WINDOWS\System32\sechost.dll
0x00007ffc2acd0000 - 0x00007ffc2adf0000 	C:\WINDOWS\System32\RPCRT4.dll
0x00007ffc2c430000 - 0x00007ffc2c5dc000 	C:\WINDOWS\System32\USER32.dll
0x00007ffc2a400000 - 0x00007ffc2a426000 	C:\WINDOWS\System32\win32u.dll
0x00007ffc2a9d0000 - 0x00007ffc2a9f9000 	C:\WINDOWS\System32\GDI32.dll
0x00007ffc2a2e0000 - 0x00007ffc2a3f2000 	C:\WINDOWS\System32\gdi32full.dll
0x00007ffc29d30000 - 0x00007ffc29dcd000 	C:\WINDOWS\System32\msvcp_win.dll
0x00007ffc29dd0000 - 0x00007ffc29ee1000 	C:\WINDOWS\System32\ucrtbase.dll
0x00007ffc0eed0000 - 0x00007ffc0f175000 	C:\WINDOWS\WinSxS\amd64_microsoft.windows.common-controls_6595b64144ccf1df_6.0.22000.120_none_9d947278b86cc467\COMCTL32.dll
0x00007ffc2ba00000 - 0x00007ffc2ba31000 	C:\WINDOWS\System32\IMM32.DLL
0x000000006d640000 - 0x000000006d712000 	C:\Program Files\Java\jdk1.8.0_211\jre\bin\msvcr100.dll
0x000000006cd90000 - 0x000000006d635000 	C:\Program Files\Java\jdk1.8.0_211\jre\bin\server\jvm.dll
0x00007ffc2b490000 - 0x00007ffc2b498000 	C:\WINDOWS\System32\PSAPI.DLL
0x00007ffc24500000 - 0x00007ffc24533000 	C:\WINDOWS\SYSTEM32\WINMM.dll
0x00007ffc221c0000 - 0x00007ffc221ca000 	C:\WINDOWS\SYSTEM32\VERSION.dll
0x00007ffc25090000 - 0x00007ffc25099000 	C:\WINDOWS\SYSTEM32\WSOCK32.dll
0x00007ffc2a800000 - 0x00007ffc2a86f000 	C:\WINDOWS\System32\WS2_32.dll
0x00007ffc1a010000 - 0x00007ffc1a01f000 	C:\Program Files\Java\jdk1.8.0_211\jre\bin\verify.dll
0x00007ffc19290000 - 0x00007ffc192b9000 	C:\Program Files\Java\jdk1.8.0_211\jre\bin\java.dll
0x00007ffc19520000 - 0x00007ffc19536000 	C:\Program Files\Java\jdk1.8.0_211\jre\bin\zip.dll
0x00007ffc2bc80000 - 0x00007ffc2c42e000 	C:\WINDOWS\System32\SHELL32.dll
0x00007ffc27de0000 - 0x00007ffc28647000 	C:\WINDOWS\SYSTEM32\windows.storage.dll
0x00007ffc2b4a0000 - 0x00007ffc2b818000 	C:\WINDOWS\System32\combase.dll
0x00007ffc27c70000 - 0x00007ffc27dd6000 	C:\WINDOWS\SYSTEM32\wintypes.dll
0x00007ffc2c5e0000 - 0x00007ffc2c6ca000 	C:\WINDOWS\System32\SHCORE.dll
0x00007ffc2a970000 - 0x00007ffc2a9cd000 	C:\WINDOWS\System32\shlwapi.dll
0x00007ffc29be0000 - 0x00007ffc29c01000 	C:\WINDOWS\SYSTEM32\profapi.dll
0x00007ffc188d0000 - 0x00007ffc188ea000 	C:\Program Files\Java\jdk1.8.0_211\jre\bin\net.dll
0x00007ffc23df0000 - 0x00007ffc23fde000 	C:\WINDOWS\SYSTEM32\urlmon.dll
0x00007ffc235a0000 - 0x00007ffc23852000 	C:\WINDOWS\SYSTEM32\iertutil.dll
0x00007ffc244a0000 - 0x00007ffc244c8000 	C:\WINDOWS\SYSTEM32\srvcli.dll
0x00007ffc28890000 - 0x00007ffc2889c000 	C:\WINDOWS\SYSTEM32\netutils.dll
0x00007ffc291e0000 - 0x00007ffc29247000 	C:\WINDOWS\system32\mswsock.dll
0x00007ffc14730000 - 0x00007ffc14742000 	C:\Program Files\Java\jdk1.8.0_211\jre\bin\nio.dll

VM Arguments:
java_command: org.jetbrains.kotlin.cli.jvm.K2JVMCompiler @C:\xampp\htdocs\TCC-unigran\mobile\node_modules\react-native-screens\android\build\20220216_4660540332860137089.compiler.options
java_class_path (initial): C:\Users\rebec\.gradle\caches\modules-2\files-2.1\org.jetbrains.kotlin\kotlin-compiler-embeddable\1.4.10\38c4b99d5d5362debdd9302a866730379aa2328a\kotlin-compiler-embeddable-1.4.10.jar;C:\Users\rebec\.gradle\caches\modules-2\files-2.1\org.jetbrains.kotlin\kotlin-reflect\1.4.10\e2b3c6695eee6085e606d96d685396dce23a3a06\kotlin-reflect-1.4.10.jar;C:\Users\rebec\.gradle\caches\modules-2\files-2.1\org.jetbrains.kotlin\kotlin-stdlib\1.4.10\ea29e063d2bbe695be13e9d044dcfb0c7add398e\kotlin-stdlib-1.4.10.jar;C:\Users\rebec\.gradle\caches\modules-2\files-2.1\org.jetbrains.kotlin\kotlin-script-runtime\1.4.10\7c19d9c2001e016cd7664cebe9eea66fc04a7f4f\kotlin-script-runtime-1.4.10.jar;C:\Users\rebec\.gradle\caches\modules-2\files-2.1\org.jetbrains.kotlin\kotlin-daemon-embeddable\1.4.10\dbd67f42bed28043d17d7c860b06110a00a45970\kotlin-daemon-embeddable-1.4.10.jar;C:\Users\rebec\.gradle\caches\modules-2\files-2.1\org.jetbrains.intellij.deps\trove4j\1.0.20181211\216c2e14b070f334479d800987affe4054cd563f\trove4j-1.0.20181211.jar;C:\Users\rebec\.gradle\caches\modules-2\files-2.1\org.jetbrains.kotlin\kotlin-stdlib-common\1.4.10\6229be3465805c99db1142ad75e6c6ddeac0b04c\kotlin-stdlib-common-1.4.10.jar;C:\Users\rebec\.gradle\caches\modules-2\files-2.1\org.jetbrains\annotations\13.0\919f0dfe192fb4e063e7dacadee7f8bb9a2672a9\annotations-13.0.jar;C:\Program Files\Java\jdk1.8.0_211\lib\tools.jar
Launcher Type: SUN_STANDARD

Environment Variables:
JAVA_HOME=C:\Program Files\Java\jdk1.8.0_211
CLASSPATH=C:\xampp\htdocs\TCC-unigran\mobile\android\\gradle\wrapper\gradle-wrapper.jar
PATH=C:\xampp\htdocs\TCC-unigran\mobile\android\node_modules\.bin;C:\xampp\htdocs\TCC-unigran\mobile\node_modules\.bin;C:\xampp\htdocs\TCC-unigran\node_modules\.bin;C:\xampp\htdocs\node_modules\.bin;C:\xampp\node_modules\.bin;C:\node_modules\.bin;C:\Program Files\nodejs;C:\xampp\htdocs\TCC-unigran\mobile\node_modules\.bin;C:\xampp\htdocs\TCC-unigran\node_modules\.bin;C:\xampp\htdocs\node_modules\.bin;C:\xampp\node_modules\.bin;C:\node_modules\.bin;C:\Users\rebec\AppData\Roaming\nvm\v16.13.0\node_modules\npm\node_modules\@npmcli\run-script\lib\node-gyp-bin;C:\Python27\;C:\Python27\Scripts;C:\Python39\Scripts\;C:\Python39\;C:\Program Files\Common Files\Oracle\Java\javapath;C:\Program Files\Java\zulu11.48.21-ca-jdk11.0.11-win_x64\bin;C:\WINDOWS\system32;C:\WINDOWS;C:\WINDOWS\System32\Wbem;C:\WINDOWS\System32\WindowsPowerShell\v1.0\;C:\WINDOWS\System32\OpenSSH\;C:\xampp\versao\php;C:\ProgramData\ComposerSetup\bin;C:\Program Files\PuTTY\;C:\ProgramData\chocolatey\bin;C:\xampp\versao\mysql\bin;C:\Program Files\Git\cmd;C:\Program Files\OpenJDK\openjdk-8u312-b07\bin;C:\Users\rebec\AppData\Local\Android\Sdk\platform-tools;C:\Users\rebec\AppData\Roaming\nvm;C:\Program Files\nodejs;C:\Program Files\OpenJDK\jdk-17.0.1\bin;C:\Users\rebec\AppData\Local\Android\Sdk;C:\Program Files\Java\jdk1.8.0_211\bin;C:\xampp\versao\php;C:\xampp\php;C:\Ruby27-x64\bin;C:\Users\rebec\AppData\Local\Microsoft\WindowsApps;C:\Users\rebec\AppData\Local\Programs\Microsoft VS Code\bin;C:\Users\rebec\AppData\Roaming\Composer\vendor\bin;C:\Program Files\MongoDB\Server\5.0\bin;C:\Users\rebec\AppData\Local\GitHubDesktop\bin;C:\Users\rebec\AppData\Roaming\npm;C:\Users\rebec\AppData\Roaming\nvm;C:\Program Files\nodejs;C:\xampp\php;;C:\xampp\htdocs\TCC-unigran\mobile\node_modules\.bin
USERNAME=rebec
OS=Windows_NT
PROCESSOR_IDENTIFIER=AMD64 Family 23 Model 24 Stepping 1, AuthenticAMD



---------------  S Y S T E M  ---------------

OS: Windows 10.0 , 64 bit Build 22000 (10.0.22000.434)

CPU:total 8 (initial active 8) (8 cores per cpu, 1 threads per core) family 23 model 24 stepping 1, cmov, cx8, fxsr, mmx, sse, sse2, sse3, ssse3, sse4.1, sse4.2, popcnt, avx, avx2, aes, clmul, mmxext, 3dnowpref, lzcnt, sse4a, tsc, tscinvbit, tscinv, bmi1

Memory: 4k page, physical 3543304k(57560k free), swap 14553352k(4004k free)

vm_info: Java HotSpot(TM) 64-Bit Server VM (25.211-b12) for windows-amd64 JRE (1.8.0_211-b12), built on Apr  1 2019 20:53:26 by "java_re" with MS VC++ 10.0 (VS2010)

time: Wed Feb 16 14:31:56 2022
timezone: Hora Universal Coordenada
elapsed time: 8 seconds (0d 0h 0m 8s)

